<?xml version="1.0" encoding="UTF-8"?>
<testsuite name="Login with invalid phone number and/or password" tests="1183" skipped="0" failures="2" errors="0" timestamp="2020-05-16T15:03:25" hostname="dnid0666l01.local" time="4084.731">
  <properties/>
  <testcase name="User is on app login page" classname="Login with invalid phone number and/or password" time="3.711"/>
  <testcase name="User input &quot;&quot; in phone number field" classname="Login with invalid phone number and/or password" time="0.561"/>
  <testcase name="User input &quot;Pass@123&quot; in password text field" classname="Login with invalid phone number and/or password" time="0.547"/>
  <testcase name="User click login button" classname="Login with invalid phone number and/or password" time="0.522"/>
  <testcase name="User is not on Home Page" classname="Login with invalid phone number and/or password" time="0.566"/>
  <testcase name="User see &quot;Wrong Phone/Pass Format&quot; as the error message on login page" classname="Login with invalid phone number and/or password" time="0.108"/>
  <testcase name="classMethod" classname="Login with invalid phone number and/or password" time="13.964"/>
  <testcase name="User is on app login page" classname="Login with invalid phone number and/or password" time="3.762"/>
  <testcase name="User input &quot;81112345&quot; in phone number field" classname="Login with invalid phone number and/or password" time="0.56"/>
  <testcase name="User input &quot;Pass@123&quot; in password text field" classname="Login with invalid phone number and/or password" time="0.554"/>
  <testcase name="User click login button" classname="Login with invalid phone number and/or password" time="0.526"/>
  <testcase name="User is not on Home Page" classname="Login with invalid phone number and/or password" time="0.563"/>
  <testcase name="User see &quot;Wrong Phone/Pass Format&quot; as the error message on login page" classname="Login with invalid phone number and/or password" time="0.112"/>
  <testcase name="classMethod" classname="Login with invalid phone number and/or password" time="13.302"/>
  <testcase name="User is on app login page" classname="Login with invalid phone number and/or password" time="3.769"/>
  <testcase name="User input &quot;8959182736450&quot; in phone number field" classname="Login with invalid phone number and/or password" time="0.582"/>
  <testcase name="User input &quot;Pass@123&quot; in password text field" classname="Login with invalid phone number and/or password" time="0.538"/>
  <testcase name="User click login button" classname="Login with invalid phone number and/or password" time="0.526"/>
  <testcase name="User is not on Home Page" classname="Login with invalid phone number and/or password" time="0.557"/>
  <testcase name="User see &quot;Wrong Phone/Pass Format&quot; as the error message on login page" classname="Login with invalid phone number and/or password" time="0.094"/>
  <testcase name="classMethod" classname="Login with invalid phone number and/or password" time="13.849"/>
  <testcase name="User is on app login page" classname="Login with invalid phone number and/or password" time="3.773"/>
  <testcase name="User input &quot;qwertyuiop&quot; in phone number field" classname="Login with invalid phone number and/or password" time="0.566"/>
  <testcase name="User input &quot;Pass@123&quot; in password text field" classname="Login with invalid phone number and/or password" time="0.559"/>
  <testcase name="User click login button" classname="Login with invalid phone number and/or password" time="0.523"/>
  <testcase name="User is not on Home Page" classname="Login with invalid phone number and/or password" time="0.53"/>
  <testcase name="User see &quot;Wrong Phone/Pass Format&quot; as the error message on login page" classname="Login with invalid phone number and/or password" time="0.102"/>
  <testcase name="classMethod" classname="Login with invalid phone number and/or password" time="13.565"/>
  <testcase name="User is on app login page" classname="Login with invalid phone number and/or password" time="13.248"/>
  <testcase name="User input &quot;qwerty12345&quot; in phone number field" classname="Login with invalid phone number and/or password" time="0.599"/>
  <testcase name="User input &quot;Pass@123&quot; in password text field" classname="Login with invalid phone number and/or password" time="0.549"/>
  <testcase name="User click login button" classname="Login with invalid phone number and/or password" time="0.549"/>
  <testcase name="User is not on Home Page" classname="Login with invalid phone number and/or password" time="0.55"/>
  <testcase name="User see &quot;Wrong Phone/Pass Format&quot; as the error message on login page" classname="Login with invalid phone number and/or password" time="0.149"/>
  <testcase name="classMethod" classname="Login with invalid phone number and/or password" time="23.134"/>
  <testcase name="User is on app login page" classname="Login with invalid phone number and/or password" time="3.637"/>
  <testcase name="User input &quot;.-,_,._,-&quot; in phone number field" classname="Login with invalid phone number and/or password" time="0.614"/>
  <testcase name="User input &quot;Pass@123&quot; in password text field" classname="Login with invalid phone number and/or password" time="0.585"/>
  <testcase name="User click login button" classname="Login with invalid phone number and/or password" time="0.55"/>
  <testcase name="User is not on Home Page" classname="Login with invalid phone number and/or password" time="0.497"/>
  <testcase name="User see &quot;Wrong Phone/Pass Format&quot; as the error message on login page" classname="Login with invalid phone number and/or password" time="0.15"/>
  <testcase name="classMethod" classname="Login with invalid phone number and/or password" time="24.098"/>
  <testcase name="User is on app login page" classname="Login with invalid phone number and/or password" time="13.145"/>
  <testcase name="User input &quot;-8,11451.987_&quot; in phone number field" classname="Login with invalid phone number and/or password" time="0.649"/>
  <testcase name="User input &quot;Pass@123&quot; in password text field" classname="Login with invalid phone number and/or password" time="0.55"/>
  <testcase name="User click login button" classname="Login with invalid phone number and/or password" time="0.55"/>
  <testcase name="User is not on Home Page" classname="Login with invalid phone number and/or password" time="0.547"/>
  <testcase name="User see &quot;Wrong Phone/Pass Format&quot; as the error message on login page" classname="Login with invalid phone number and/or password" time="0.149"/>
  <testcase name="classMethod" classname="Login with invalid phone number and/or password" time="26.354"/>
  <testcase name="User is on app login page" classname="Login with invalid phone number and/or password" time="13.608"/>
  <testcase name="User input &quot;81212345678&quot; in phone number field" classname="Login with invalid phone number and/or password" time="0.583"/>
  <testcase name="User input &quot;Pass@123&quot; in password text field" classname="Login with invalid phone number and/or password" time="0.592"/>
  <testcase name="User click login button" classname="Login with invalid phone number and/or password" time="0.53"/>
  <testcase name="User is not on Home Page" classname="Login with invalid phone number and/or password" time="0.57"/>
  <testcase name="User see &quot;Wrong Phone/Pass Format&quot; as the error message on login page" classname="Login with invalid phone number and/or password" time="1.799">
    <failure message="java.lang.AssertionError" type="java.lang.AssertionError">java.lang.AssertionError
	at org.junit.Assert.fail(Assert.java:87)
	at org.junit.Assert.assertTrue(Assert.java:42)
	at org.junit.Assert.assertTrue(Assert.java:53)
	at demo.steps.LoginDef.userSeeAsTheErrorMessageOnLoginPage(LoginDef.java:49)
	at ✽.User see &quot;Wrong Phone/Pass Format&quot; as the error message on login page(file:///Users/chenr/IdeaProjects/FinalProject_QA/src/test/resources/features/Login/Login.feature:29)
</failure>
  </testcase>
  <testcase name="classMethod" classname="Login with invalid phone number and/or password" time="35.668">
    <failure message="java.lang.AssertionError" type="java.lang.AssertionError">java.lang.AssertionError
	at org.junit.Assert.fail(Assert.java:87)
	at org.junit.Assert.assertTrue(Assert.java:42)
	at org.junit.Assert.assertTrue(Assert.java:53)
	at demo.steps.LoginDef.userSeeAsTheErrorMessageOnLoginPage(LoginDef.java:49)
	at ✽.User see &quot;Wrong Phone/Pass Format&quot; as the error message on login page(file:///Users/chenr/IdeaProjects/FinalProject_QA/src/test/resources/features/Login/Login.feature:29)
</failure>
  </testcase>
  <testcase name="User is on app login page" classname="Login with invalid phone number and/or password" time="10.063"/>
  <testcase name="User input &quot;811123456&quot; in phone number field" classname="Login with invalid phone number and/or password" time="0.594"/>
  <testcase name="User input &quot;&quot; in password text field" classname="Login with invalid phone number and/or password" time="0.531"/>
  <testcase name="User click login button" classname="Login with invalid phone number and/or password" time="0.53"/>
  <testcase name="User is not on Home Page" classname="Login with invalid phone number and/or password" time="0.54"/>
  <testcase name="User see &quot;Wrong Phone/Pass Format&quot; as the error message on login page" classname="Login with invalid phone number and/or password" time="0.123"/>
  <testcase name="classMethod" classname="Login with invalid phone number and/or password" time="29.658"/>
  <testcase name="User is on app login page" classname="Login with invalid phone number and/or password" time="12.494"/>
  <testcase name="User input &quot;811123456&quot; in phone number field" classname="Login with invalid phone number and/or password" time="0.573"/>
  <testcase name="User input &quot;Pass@12&quot; in password text field" classname="Login with invalid phone number and/or password" time="0.54"/>
  <testcase name="User click login button" classname="Login with invalid phone number and/or password" time="0.524"/>
  <testcase name="User is not on Home Page" classname="Login with invalid phone number and/or password" time="0.551"/>
  <testcase name="User see &quot;Wrong Phone/Pass Format&quot; as the error message on login page" classname="Login with invalid phone number and/or password" time="0.102"/>
  <testcase name="classMethod" classname="Login with invalid phone number and/or password" time="32.045"/>
  <testcase name="User is on app login page" classname="Login with invalid phone number and/or password" time="3.947"/>
  <testcase name="User input &quot;811123456&quot; in phone number field" classname="Login with invalid phone number and/or password" time="0.589"/>
  <testcase name="User input &quot;LoginPassword@1234567&quot; in password text field" classname="Login with invalid phone number and/or password" time="0.557"/>
  <testcase name="User click login button" classname="Login with invalid phone number and/or password" time="0.526"/>
  <testcase name="User is not on Home Page" classname="Login with invalid phone number and/or password" time="0.567"/>
  <testcase name="User see &quot;Wrong Phone/Pass Format&quot; as the error message on login page" classname="Login with invalid phone number and/or password" time="0.135"/>
  <testcase name="classMethod" classname="Login with invalid phone number and/or password" time="23.366"/>
  <testcase name="User is on app login page" classname="Login with invalid phone number and/or password" time="7.209"/>
  <testcase name="User input &quot;811123456&quot; in phone number field" classname="Login with invalid phone number and/or password" time="0.596"/>
  <testcase name="User input &quot;Pass @123&quot; in password text field" classname="Login with invalid phone number and/or password" time="0.588"/>
  <testcase name="User click login button" classname="Login with invalid phone number and/or password" time="0.551"/>
  <testcase name="User is not on Home Page" classname="Login with invalid phone number and/or password" time="0.558"/>
  <testcase name="User see &quot;Wrong Phone/Pass Format&quot; as the error message on login page" classname="Login with invalid phone number and/or password" time="0.189"/>
  <testcase name="classMethod" classname="Login with invalid phone number and/or password" time="20.251"/>
  <testcase name="User is on app login page" classname="Login with invalid phone number and/or password" time="5.439"/>
  <testcase name="User input &quot;811123456&quot; in phone number field" classname="Login with invalid phone number and/or password" time="0.604"/>
  <testcase name="User input &quot;Pass1234&quot; in password text field" classname="Login with invalid phone number and/or password" time="0.596"/>
  <testcase name="User click login button" classname="Login with invalid phone number and/or password" time="0.55"/>
  <testcase name="User is not on Home Page" classname="Login with invalid phone number and/or password" time="0.55"/>
  <testcase name="User see &quot;Wrong Phone/Pass Format&quot; as the error message on login page" classname="Login with invalid phone number and/or password" time="0.149"/>
  <testcase name="classMethod" classname="Login with invalid phone number and/or password" time="16.602"/>
  <testcase name="User is on app login page" classname="Login with invalid phone number and/or password" time="13.143"/>
  <testcase name="User input &quot;811123456&quot; in phone number field" classname="Login with invalid phone number and/or password" time="0.649"/>
  <testcase name="User input &quot;Pass!@#$&quot; in password text field" classname="Login with invalid phone number and/or password" time="0.549"/>
  <testcase name="User click login button" classname="Login with invalid phone number and/or password" time="0.551"/>
  <testcase name="User is not on Home Page" classname="Login with invalid phone number and/or password" time="0.547"/>
  <testcase name="User see &quot;Wrong Phone/Pass Format&quot; as the error message on login page" classname="Login with invalid phone number and/or password" time="0.153"/>
  <testcase name="classMethod" classname="Login with invalid phone number and/or password" time="28.354"/>
  <testcase name="User is on app login page" classname="Login with invalid phone number and/or password" time="9.952"/>
  <testcase name="User input &quot;811123456&quot; in phone number field" classname="Login with invalid phone number and/or password" time="0.649"/>
  <testcase name="User input &quot;pass@123&quot; in password text field" classname="Login with invalid phone number and/or password" time="0.647"/>
  <testcase name="User click login button" classname="Login with invalid phone number and/or password" time="0.549"/>
  <testcase name="User is not on Home Page" classname="Login with invalid phone number and/or password" time="0.55"/>
  <testcase name="User see &quot;Wrong Phone/Pass Format&quot; as the error message on login page" classname="Login with invalid phone number and/or password" time="0.15"/>
  <testcase name="classMethod" classname="Login with invalid phone number and/or password" time="31.096"/>
  <testcase name="User is on app login page" classname="Login with invalid phone number and/or password" time="13.154"/>
  <testcase name="User input &quot;811123456&quot; in phone number field" classname="Login with invalid phone number and/or password" time="0.698"/>
  <testcase name="User input &quot;PASS@123&quot; in password text field" classname="Login with invalid phone number and/or password" time="0.547"/>
  <testcase name="User click login button" classname="Login with invalid phone number and/or password" time="0.548"/>
  <testcase name="User is not on Home Page" classname="Login with invalid phone number and/or password" time="0.55"/>
  <testcase name="User see &quot;Wrong Phone/Pass Format&quot; as the error message on login page" classname="Login with invalid phone number and/or password" time="0.148"/>
  <testcase name="classMethod" classname="Login with invalid phone number and/or password" time="24.702"/>
  <testcase name="User is on app login page" classname="Login with invalid phone number and/or password" time="13.002"/>
  <testcase name="User input &quot;811123456&quot; in phone number field" classname="Login with invalid phone number and/or password" time="0.603"/>
  <testcase name="User input &quot;PASSword&quot; in password text field" classname="Login with invalid phone number and/or password" time="0.595"/>
  <testcase name="User click login button" classname="Login with invalid phone number and/or password" time="0.549"/>
  <testcase name="User is not on Home Page" classname="Login with invalid phone number and/or password" time="0.502"/>
  <testcase name="User see &quot;Wrong Phone/Pass Format&quot; as the error message on login page" classname="Login with invalid phone number and/or password" time="0.104"/>
  <testcase name="classMethod" classname="Login with invalid phone number and/or password" time="31.439"/>
  <testcase name="User is on app login page" classname="Login with invalid phone number and/or password" time="3.87"/>
  <testcase name="User input &quot;811123456&quot; in phone number field" classname="Login with invalid phone number and/or password" time="0.581"/>
  <testcase name="User input &quot;pass1234&quot; in password text field" classname="Login with invalid phone number and/or password" time="0.541"/>
  <testcase name="User click login button" classname="Login with invalid phone number and/or password" time="0.521"/>
  <testcase name="User is not on Home Page" classname="Login with invalid phone number and/or password" time="0.579"/>
  <testcase name="User see &quot;Wrong Phone/Pass Format&quot; as the error message on login page" classname="Login with invalid phone number and/or password" time="0.102"/>
  <testcase name="classMethod" classname="Login with invalid phone number and/or password" time="21.583"/>
  <testcase name="User is on app login page" classname="Login with invalid phone number and/or password" time="11.108"/>
  <testcase name="User input &quot;811123456&quot; in phone number field" classname="Login with invalid phone number and/or password" time="0.614"/>
  <testcase name="User input &quot;PASS1234&quot; in password text field" classname="Login with invalid phone number and/or password" time="0.55"/>
  <testcase name="User click login button" classname="Login with invalid phone number and/or password" time="0.537"/>
  <testcase name="User is not on Home Page" classname="Login with invalid phone number and/or password" time="0.535"/>
  <testcase name="User see &quot;Wrong Phone/Pass Format&quot; as the error message on login page" classname="Login with invalid phone number and/or password" time="0.106"/>
  <testcase name="classMethod" classname="Login with invalid phone number and/or password" time="30.616"/>
  <testcase name="User is on app login page" classname="Login with invalid phone number and/or password" time="13.138"/>
  <testcase name="User input &quot;811123456&quot; in phone number field" classname="Login with invalid phone number and/or password" time="0.596"/>
  <testcase name="User input &quot;pass!@#$&quot; in password text field" classname="Login with invalid phone number and/or password" time="0.55"/>
  <testcase name="User click login button" classname="Login with invalid phone number and/or password" time="0.52"/>
  <testcase name="User is not on Home Page" classname="Login with invalid phone number and/or password" time="0.549"/>
  <testcase name="User see &quot;Wrong Phone/Pass Format&quot; as the error message on login page" classname="Login with invalid phone number and/or password" time="0.19"/>
  <testcase name="classMethod" classname="Login with invalid phone number and/or password" time="26.173"/>
  <testcase name="User is on app login page" classname="Login with invalid phone number and/or password" time="11.071"/>
  <testcase name="User input &quot;811123456&quot; in phone number field" classname="Login with invalid phone number and/or password" time="0.587"/>
  <testcase name="User input &quot;PASS!@#$&quot; in password text field" classname="Login with invalid phone number and/or password" time="0.553"/>
  <testcase name="User click login button" classname="Login with invalid phone number and/or password" time="0.519"/>
  <testcase name="User is not on Home Page" classname="Login with invalid phone number and/or password" time="0.569"/>
  <testcase name="User see &quot;Wrong Phone/Pass Format&quot; as the error message on login page" classname="Login with invalid phone number and/or password" time="0.097"/>
  <testcase name="classMethod" classname="Login with invalid phone number and/or password" time="30.819"/>
  <testcase name="User is on app login page" classname="Login with invalid phone number and/or password" time="7.067"/>
  <testcase name="User input &quot;811123456&quot; in phone number field" classname="Login with invalid phone number and/or password" time="0.59"/>
  <testcase name="User input &quot;!@#$1234&quot; in password text field" classname="Login with invalid phone number and/or password" time="0.567"/>
  <testcase name="User click login button" classname="Login with invalid phone number and/or password" time="0.523"/>
  <testcase name="User is not on Home Page" classname="Login with invalid phone number and/or password" time="0.561"/>
  <testcase name="User see &quot;Wrong Phone/Pass Format&quot; as the error message on login page" classname="Login with invalid phone number and/or password" time="0.108"/>
  <testcase name="classMethod" classname="Login with invalid phone number and/or password" time="22.78"/>
  <testcase name="User is on app login page" classname="Login with invalid phone number and/or password" time="11.128"/>
  <testcase name="User input &quot;811123456&quot; in phone number field" classname="Login with invalid phone number and/or password" time="0.583"/>
  <testcase name="User input &quot;!@#$%^&amp;*&quot; in password text field" classname="Login with invalid phone number and/or password" time="0.548"/>
  <testcase name="User click login button" classname="Login with invalid phone number and/or password" time="0.529"/>
  <testcase name="User is not on Home Page" classname="Login with invalid phone number and/or password" time="0.558"/>
  <testcase name="User see &quot;Wrong Phone/Pass Format&quot; as the error message on login page" classname="Login with invalid phone number and/or password" time="0.108"/>
  <testcase name="classMethod" classname="Login with invalid phone number and/or password" time="30.688"/>
  <testcase name="User is on app login page" classname="Login with invalid phone number and/or password" time="3.758"/>
  <testcase name="User input &quot;811123456&quot; in phone number field" classname="Login with invalid phone number and/or password" time="0.563"/>
  <testcase name="User input &quot;12345678&quot; in password text field" classname="Login with invalid phone number and/or password" time="0.559"/>
  <testcase name="User click login button" classname="Login with invalid phone number and/or password" time="0.537"/>
  <testcase name="User is not on Home Page" classname="Login with invalid phone number and/or password" time="0.563"/>
  <testcase name="User see &quot;Wrong Phone/Pass Format&quot; as the error message on login page" classname="Login with invalid phone number and/or password" time="0.117"/>
  <testcase name="classMethod" classname="Login with invalid phone number and/or password" time="22.973"/>
  <testcase name="User is on app login page" classname="Login with invalid phone number and/or password" time="9.204"/>
  <testcase name="User input &quot;811123456&quot; in phone number field" classname="Login with invalid phone number and/or password" time="0.58"/>
  <testcase name="User input &quot;PASSWORD&quot; in password text field" classname="Login with invalid phone number and/or password" time="0.531"/>
  <testcase name="User click login button" classname="Login with invalid phone number and/or password" time="0.535"/>
  <testcase name="User is not on Home Page" classname="Login with invalid phone number and/or password" time="0.57"/>
  <testcase name="User see &quot;Wrong Phone/Pass Format&quot; as the error message on login page" classname="Login with invalid phone number and/or password" time="0.126"/>
  <testcase name="classMethod" classname="Login with invalid phone number and/or password" time="28.909"/>
  <testcase name="User is on app login page" classname="Login with invalid phone number and/or password" time="9.981"/>
  <testcase name="User input &quot;811123456&quot; in phone number field" classname="Login with invalid phone number and/or password" time="0.572"/>
  <testcase name="User input &quot;password&quot; in password text field" classname="Login with invalid phone number and/or password" time="0.579"/>
  <testcase name="User click login button" classname="Login with invalid phone number and/or password" time="0.525"/>
  <testcase name="User is not on Home Page" classname="Login with invalid phone number and/or password" time="0.55"/>
  <testcase name="User see &quot;Wrong Phone/Pass Format&quot; as the error message on login page" classname="Login with invalid phone number and/or password" time="0.18"/>
  <testcase name="classMethod" classname="Login with invalid phone number and/or password" time="24.859"/>
  <testcase name="User is on app login page" classname="Login with invalid phone number and/or password" time="3.699"/>
  <testcase name="User input &quot;&quot; in phone number field" classname="Login with invalid phone number and/or password" time="0.65"/>
  <testcase name="User input &quot;&quot; in password text field" classname="Login with invalid phone number and/or password" time="0.549"/>
  <testcase name="User click login button" classname="Login with invalid phone number and/or password" time="0.55"/>
  <testcase name="User is not on Home Page" classname="Login with invalid phone number and/or password" time="0.55"/>
  <testcase name="User see &quot;Wrong Phone/Pass Format&quot; as the error message on login page" classname="Login with invalid phone number and/or password" time="0.148"/>
  <testcase name="classMethod" classname="Login with invalid phone number and/or password" time="15.401"/>
  <testcase name="User is on app login page" classname="Login with invalid phone number and/or password" time="3.792"/>
  <testcase name="User input &quot;&quot; in phone number field" classname="Login with invalid phone number and/or password" time="0.65"/>
  <testcase name="User input &quot;Pass@12&quot; in password text field" classname="Login with invalid phone number and/or password" time="0.548"/>
  <testcase name="User click login button" classname="Login with invalid phone number and/or password" time="0.55"/>
  <testcase name="User is not on Home Page" classname="Login with invalid phone number and/or password" time="0.55"/>
  <testcase name="User see &quot;Wrong Phone/Pass Format&quot; as the error message on login page" classname="Login with invalid phone number and/or password" time="0.149"/>
  <testcase name="classMethod" classname="Login with invalid phone number and/or password" time="15.259"/>
  <testcase name="User is on app login page" classname="Login with invalid phone number and/or password" time="13.144"/>
  <testcase name="User input &quot;&quot; in phone number field" classname="Login with invalid phone number and/or password" time="0.648"/>
  <testcase name="User input &quot;LoginPassword@1234567&quot; in password text field" classname="Login with invalid phone number and/or password" time="0.55"/>
  <testcase name="User click login button" classname="Login with invalid phone number and/or password" time="0.549"/>
  <testcase name="User is not on Home Page" classname="Login with invalid phone number and/or password" time="0.503"/>
  <testcase name="User see &quot;Wrong Phone/Pass Format&quot; as the error message on login page" classname="Login with invalid phone number and/or password" time="0.15"/>
  <testcase name="classMethod" classname="Login with invalid phone number and/or password" time="24.648"/>
  <testcase name="User is on app login page" classname="Login with invalid phone number and/or password" time="5.451"/>
  <testcase name="User input &quot;&quot; in phone number field" classname="Login with invalid phone number and/or password" time="0.701"/>
  <testcase name="User input &quot;Pass @123&quot; in password text field" classname="Login with invalid phone number and/or password" time="0.545"/>
  <testcase name="User click login button" classname="Login with invalid phone number and/or password" time="0.548"/>
  <testcase name="User is not on Home Page" classname="Login with invalid phone number and/or password" time="0.55"/>
  <testcase name="User see &quot;Wrong Phone/Pass Format&quot; as the error message on login page" classname="Login with invalid phone number and/or password" time="0.151"/>
  <testcase name="classMethod" classname="Login with invalid phone number and/or password" time="17.054"/>
  <testcase name="User is on app login page" classname="Login with invalid phone number and/or password" time="13.2"/>
  <testcase name="User input &quot;&quot; in phone number field" classname="Login with invalid phone number and/or password" time="0.647"/>
  <testcase name="User input &quot;Pass1234&quot; in password text field" classname="Login with invalid phone number and/or password" time="0.596"/>
  <testcase name="User click login button" classname="Login with invalid phone number and/or password" time="0.55"/>
  <testcase name="User is not on Home Page" classname="Login with invalid phone number and/or password" time="0.56"/>
  <testcase name="User see &quot;Wrong Phone/Pass Format&quot; as the error message on login page" classname="Login with invalid phone number and/or password" time="0.189"/>
  <testcase name="classMethod" classname="Login with invalid phone number and/or password" time="33.75"/>
  <testcase name="User is on app login page" classname="Login with invalid phone number and/or password" time="3.662"/>
  <testcase name="User input &quot;&quot; in phone number field" classname="Login with invalid phone number and/or password" time="0.64"/>
  <testcase name="User input &quot;Pass!@#$&quot; in password text field" classname="Login with invalid phone number and/or password" time="0.591"/>
  <testcase name="User click login button" classname="Login with invalid phone number and/or password" time="0.548"/>
  <testcase name="User is not on Home Page" classname="Login with invalid phone number and/or password" time="0.549"/>
  <testcase name="User see &quot;Wrong Phone/Pass Format&quot; as the error message on login page" classname="Login with invalid phone number and/or password" time="0.151"/>
  <testcase name="classMethod" classname="Login with invalid phone number and/or password" time="23.49"/>
  <testcase name="User is on app login page" classname="Login with invalid phone number and/or password" time="10.597"/>
  <testcase name="User input &quot;&quot; in phone number field" classname="Login with invalid phone number and/or password" time="0.6"/>
  <testcase name="User input &quot;pass@123&quot; in password text field" classname="Login with invalid phone number and/or password" time="0.597"/>
  <testcase name="User click login button" classname="Login with invalid phone number and/or password" time="0.559"/>
  <testcase name="User is not on Home Page" classname="Login with invalid phone number and/or password" time="0.54"/>
  <testcase name="User see &quot;Wrong Phone/Pass Format&quot; as the error message on login page" classname="Login with invalid phone number and/or password" time="0.1"/>
  <testcase name="classMethod" classname="Login with invalid phone number and/or password" time="23.553"/>
  <testcase name="User is on app login page" classname="Login with invalid phone number and/or password" time="7.243"/>
  <testcase name="User input &quot;&quot; in phone number field" classname="Login with invalid phone number and/or password" time="0.611"/>
  <testcase name="User input &quot;PASS@123&quot; in password text field" classname="Login with invalid phone number and/or password" time="0.588"/>
  <testcase name="User click login button" classname="Login with invalid phone number and/or password" time="0.549"/>
  <testcase name="User is not on Home Page" classname="Login with invalid phone number and/or password" time="0.55"/>
  <testcase name="User see &quot;Wrong Phone/Pass Format&quot; as the error message on login page" classname="Login with invalid phone number and/or password" time="0.199"/>
  <testcase name="classMethod" classname="Login with invalid phone number and/or password" time="19.692"/>
  <testcase name="User is on app login page" classname="Login with invalid phone number and/or password" time="3.738"/>
  <testcase name="User input &quot;&quot; in phone number field" classname="Login with invalid phone number and/or password" time="0.612"/>
  <testcase name="User input &quot;PASSword&quot; in password text field" classname="Login with invalid phone number and/or password" time="0.587"/>
  <testcase name="User click login button" classname="Login with invalid phone number and/or password" time="0.549"/>
  <testcase name="User is not on Home Page" classname="Login with invalid phone number and/or password" time="0.55"/>
  <testcase name="User see &quot;Wrong Phone/Pass Format&quot; as the error message on login page" classname="Login with invalid phone number and/or password" time="0.15"/>
  <testcase name="classMethod" classname="Login with invalid phone number and/or password" time="16.815"/>
  <testcase name="User is on app login page" classname="Login with invalid phone number and/or password" time="3.643"/>
  <testcase name="User input &quot;&quot; in phone number field" classname="Login with invalid phone number and/or password" time="0.649"/>
  <testcase name="User input &quot;pass1234&quot; in password text field" classname="Login with invalid phone number and/or password" time="0.551"/>
  <testcase name="User click login button" classname="Login with invalid phone number and/or password" time="0.55"/>
  <testcase name="User is not on Home Page" classname="Login with invalid phone number and/or password" time="0.56"/>
  <testcase name="User see &quot;Wrong Phone/Pass Format&quot; as the error message on login page" classname="Login with invalid phone number and/or password" time="0.189"/>
  <testcase name="classMethod" classname="Login with invalid phone number and/or password" time="18.247"/>
  <testcase name="User is on app login page" classname="Login with invalid phone number and/or password" time="5.098"/>
  <testcase name="User input &quot;&quot; in phone number field" classname="Login with invalid phone number and/or password" time="0.649"/>
  <testcase name="User input &quot;PASS1234&quot; in password text field" classname="Login with invalid phone number and/or password" time="0.549"/>
  <testcase name="User click login button" classname="Login with invalid phone number and/or password" time="0.552"/>
  <testcase name="User is not on Home Page" classname="Login with invalid phone number and/or password" time="0.548"/>
  <testcase name="User see &quot;Wrong Phone/Pass Format&quot; as the error message on login page" classname="Login with invalid phone number and/or password" time="0.15"/>
  <testcase name="classMethod" classname="Login with invalid phone number and/or password" time="19.188"/>
  <testcase name="User is on app login page" classname="Login with invalid phone number and/or password" time="3.739"/>
  <testcase name="User input &quot;&quot; in phone number field" classname="Login with invalid phone number and/or password" time="0.603"/>
  <testcase name="User input &quot;pass!@#$&quot; in password text field" classname="Login with invalid phone number and/or password" time="0.6"/>
  <testcase name="User click login button" classname="Login with invalid phone number and/or password" time="0.548"/>
  <testcase name="User is not on Home Page" classname="Login with invalid phone number and/or password" time="0.55"/>
  <testcase name="User see &quot;Wrong Phone/Pass Format&quot; as the error message on login page" classname="Login with invalid phone number and/or password" time="0.15"/>
  <testcase name="classMethod" classname="Login with invalid phone number and/or password" time="19.511"/>
  <testcase name="User is on app login page" classname="Login with invalid phone number and/or password" time="7.203"/>
  <testcase name="User input &quot;&quot; in phone number field" classname="Login with invalid phone number and/or password" time="0.606"/>
  <testcase name="User input &quot;PASS!@#$&quot; in password text field" classname="Login with invalid phone number and/or password" time="0.589"/>
  <testcase name="User click login button" classname="Login with invalid phone number and/or password" time="0.55"/>
  <testcase name="User is not on Home Page" classname="Login with invalid phone number and/or password" time="0.5"/>
  <testcase name="User see &quot;Wrong Phone/Pass Format&quot; as the error message on login page" classname="Login with invalid phone number and/or password" time="0.198"/>
  <testcase name="classMethod" classname="Login with invalid phone number and/or password" time="24.937"/>
  <testcase name="User is on app login page" classname="Login with invalid phone number and/or password" time="12.947"/>
  <testcase name="User input &quot;&quot; in phone number field" classname="Login with invalid phone number and/or password" time="1.09"/>
  <testcase name="User input &quot;!@#$1234&quot; in password text field" classname="Login with invalid phone number and/or password" time="0.098"/>
  <testcase name="User click login button" classname="Login with invalid phone number and/or password" time="0.55"/>
  <testcase name="User is not on Home Page" classname="Login with invalid phone number and/or password" time="0.599"/>
  <testcase name="User see &quot;Wrong Phone/Pass Format&quot; as the error message on login page" classname="Login with invalid phone number and/or password" time="0.149"/>
  <testcase name="classMethod" classname="Login with invalid phone number and/or password" time="33.611"/>
  <testcase name="User is on app login page" classname="Login with invalid phone number and/or password" time="13.18"/>
  <testcase name="User input &quot;&quot; in phone number field" classname="Login with invalid phone number and/or password" time="0.619"/>
  <testcase name="User input &quot;!@#$%^&amp;*&quot; in password text field" classname="Login with invalid phone number and/or password" time="0.577"/>
  <testcase name="User click login button" classname="Login with invalid phone number and/or password" time="0.552"/>
  <testcase name="User is not on Home Page" classname="Login with invalid phone number and/or password" time="0.547"/>
  <testcase name="User see &quot;Wrong Phone/Pass Format&quot; as the error message on login page" classname="Login with invalid phone number and/or password" time="0.098"/>
  <testcase name="classMethod" classname="Login with invalid phone number and/or password" time="25.026"/>
  <testcase name="User is on app login page" classname="Login with invalid phone number and/or password" time="3.755"/>
  <testcase name="User input &quot;&quot; in phone number field" classname="Login with invalid phone number and/or password" time="0.594"/>
  <testcase name="User input &quot;12345678&quot; in password text field" classname="Login with invalid phone number and/or password" time="0.591"/>
  <testcase name="User click login button" classname="Login with invalid phone number and/or password" time="0.551"/>
  <testcase name="User is not on Home Page" classname="Login with invalid phone number and/or password" time="0.553"/>
  <testcase name="User see &quot;Wrong Phone/Pass Format&quot; as the error message on login page" classname="Login with invalid phone number and/or password" time="0.149"/>
  <testcase name="classMethod" classname="Login with invalid phone number and/or password" time="16.862"/>
  <testcase name="User is on app login page" classname="Login with invalid phone number and/or password" time="5.357"/>
  <testcase name="User input &quot;&quot; in phone number field" classname="Login with invalid phone number and/or password" time="1.1"/>
  <testcase name="User input &quot;PASSWORD&quot; in password text field" classname="Login with invalid phone number and/or password" time="0.588"/>
  <testcase name="User click login button" classname="Login with invalid phone number and/or password" time="0.55"/>
  <testcase name="User is not on Home Page" classname="Login with invalid phone number and/or password" time="0.549"/>
  <testcase name="User see &quot;Wrong Phone/Pass Format&quot; as the error message on login page" classname="Login with invalid phone number and/or password" time="0.149"/>
  <testcase name="classMethod" classname="Login with invalid phone number and/or password" time="17.901"/>
  <testcase name="User is on app login page" classname="Login with invalid phone number and/or password" time="12.195"/>
  <testcase name="User input &quot;&quot; in phone number field" classname="Login with invalid phone number and/or password" time="0.661"/>
  <testcase name="User input &quot;password&quot; in password text field" classname="Login with invalid phone number and/or password" time="0.593"/>
  <testcase name="User click login button" classname="Login with invalid phone number and/or password" time="0.593"/>
  <testcase name="User is not on Home Page" classname="Login with invalid phone number and/or password" time="0.55"/>
  <testcase name="User see &quot;Wrong Phone/Pass Format&quot; as the error message on login page" classname="Login with invalid phone number and/or password" time="0.15"/>
  <testcase name="classMethod" classname="Login with invalid phone number and/or password" time="26.962"/>
  <testcase name="User is on app login page" classname="Login with invalid phone number and/or password" time="12.849"/>
  <testcase name="User input &quot;81112345&quot; in phone number field" classname="Login with invalid phone number and/or password" time="1.114"/>
  <testcase name="User input &quot;&quot; in password text field" classname="Login with invalid phone number and/or password" time="0.135"/>
  <testcase name="User click login button" classname="Login with invalid phone number and/or password" time="0.55"/>
  <testcase name="User is not on Home Page" classname="Login with invalid phone number and/or password" time="0.549"/>
  <testcase name="User see &quot;Wrong Phone/Pass Format&quot; as the error message on login page" classname="Login with invalid phone number and/or password" time="0.149"/>
  <testcase name="classMethod" classname="Login with invalid phone number and/or password" time="33.148"/>
  <testcase name="User is on app login page" classname="Login with invalid phone number and/or password" time="13.177"/>
  <testcase name="User input &quot;81112345&quot; in phone number field" classname="Login with invalid phone number and/or password" time="0.58"/>
  <testcase name="User input &quot;Pass@12&quot; in password text field" classname="Login with invalid phone number and/or password" time="0.553"/>
  <testcase name="User click login button" classname="Login with invalid phone number and/or password" time="0.527"/>
  <testcase name="User is not on Home Page" classname="Login with invalid phone number and/or password" time="0.553"/>
  <testcase name="User see &quot;Wrong Phone/Pass Format&quot; as the error message on login page" classname="Login with invalid phone number and/or password" time="0.096"/>
  <testcase name="classMethod" classname="Login with invalid phone number and/or password" time="32.965"/>
  <testcase name="User is on app login page" classname="Login with invalid phone number and/or password" time="13.21"/>
  <testcase name="User input &quot;81112345&quot; in phone number field" classname="Login with invalid phone number and/or password" time="0.591"/>
  <testcase name="User input &quot;LoginPassword@1234567&quot; in password text field" classname="Login with invalid phone number and/or password" time="0.545"/>
  <testcase name="User click login button" classname="Login with invalid phone number and/or password" time="0.527"/>
  <testcase name="User is not on Home Page" classname="Login with invalid phone number and/or password" time="0.553"/>
  <testcase name="User see &quot;Wrong Phone/Pass Format&quot; as the error message on login page" classname="Login with invalid phone number and/or password" time="0.123"/>
  <testcase name="classMethod" classname="Login with invalid phone number and/or password" time="23.42"/>
  <testcase name="User is on app login page" classname="Login with invalid phone number and/or password" time="13.088"/>
  <testcase name="User input &quot;81112345&quot; in phone number field" classname="Login with invalid phone number and/or password" time="0.611"/>
  <testcase name="User input &quot;Pass @123&quot; in password text field" classname="Login with invalid phone number and/or password" time="0.562"/>
  <testcase name="User click login button" classname="Login with invalid phone number and/or password" time="0.55"/>
  <testcase name="User is not on Home Page" classname="Login with invalid phone number and/or password" time="0.576"/>
  <testcase name="User see &quot;Wrong Phone/Pass Format&quot; as the error message on login page" classname="Login with invalid phone number and/or password" time="0.142"/>
  <testcase name="classMethod" classname="Login with invalid phone number and/or password" time="33.567"/>
  <testcase name="User is on app login page" classname="Login with invalid phone number and/or password" time="4.048"/>
  <testcase name="User input &quot;81112345&quot; in phone number field" classname="Login with invalid phone number and/or password" time="0.606"/>
  <testcase name="User input &quot;Pass1234&quot; in password text field" classname="Login with invalid phone number and/or password" time="0.596"/>
  <testcase name="User click login button" classname="Login with invalid phone number and/or password" time="0.547"/>
  <testcase name="User is not on Home Page" classname="Login with invalid phone number and/or password" time="0.549"/>
  <testcase name="User see &quot;Wrong Phone/Pass Format&quot; as the error message on login page" classname="Login with invalid phone number and/or password" time="0.15"/>
  <testcase name="classMethod" classname="Login with invalid phone number and/or password" time="18.907"/>
  <testcase name="User is on app login page" classname="Login with invalid phone number and/or password" time="8.045"/>
  <testcase name="User input &quot;81112345&quot; in phone number field" classname="Login with invalid phone number and/or password" time="0.649"/>
  <testcase name="User input &quot;pass@123&quot; in password text field" classname="Login with invalid phone number and/or password" time="0.545"/>
  <testcase name="User click login button" classname="Login with invalid phone number and/or password" time="0.55"/>
  <testcase name="User is not on Home Page" classname="Login with invalid phone number and/or password" time="0.55"/>
  <testcase name="User see &quot;Wrong Phone/Pass Format&quot; as the error message on login page" classname="Login with invalid phone number and/or password" time="0.151"/>
  <testcase name="classMethod" classname="Login with invalid phone number and/or password" time="22.514"/>
  <testcase name="User is on app login page" classname="Login with invalid phone number and/or password" time="4.4"/>
  <testcase name="User input &quot;81112345&quot; in phone number field" classname="Login with invalid phone number and/or password" time="0.605"/>
  <testcase name="User input &quot;PASS@123&quot; in password text field" classname="Login with invalid phone number and/or password" time="0.593"/>
  <testcase name="User click login button" classname="Login with invalid phone number and/or password" time="0.55"/>
  <testcase name="User is not on Home Page" classname="Login with invalid phone number and/or password" time="0.551"/>
  <testcase name="User see &quot;Wrong Phone/Pass Format&quot; as the error message on login page" classname="Login with invalid phone number and/or password" time="0.149"/>
  <testcase name="classMethod" classname="Login with invalid phone number and/or password" time="20.699"/>
  <testcase name="User is on app login page" classname="Login with invalid phone number and/or password" time="3.791"/>
  <testcase name="User input &quot;81112345&quot; in phone number field" classname="Login with invalid phone number and/or password" time="0.652"/>
  <testcase name="User input &quot;PASSword&quot; in password text field" classname="Login with invalid phone number and/or password" time="0.549"/>
  <testcase name="User click login button" classname="Login with invalid phone number and/or password" time="0.55"/>
  <testcase name="User is not on Home Page" classname="Login with invalid phone number and/or password" time="0.55"/>
  <testcase name="User see &quot;Wrong Phone/Pass Format&quot; as the error message on login page" classname="Login with invalid phone number and/or password" time="0.151"/>
  <testcase name="classMethod" classname="Login with invalid phone number and/or password" time="16.391"/>
  <testcase name="User is on app login page" classname="Login with invalid phone number and/or password" time="4.395"/>
  <testcase name="User input &quot;81112345&quot; in phone number field" classname="Login with invalid phone number and/or password" time="0.601"/>
  <testcase name="User input &quot;pass1234&quot; in password text field" classname="Login with invalid phone number and/or password" time="0.548"/>
  <testcase name="User click login button" classname="Login with invalid phone number and/or password" time="0.55"/>
  <testcase name="User is not on Home Page" classname="Login with invalid phone number and/or password" time="0.551"/>
  <testcase name="User see &quot;Wrong Phone/Pass Format&quot; as the error message on login page" classname="Login with invalid phone number and/or password" time="0.15"/>
  <testcase name="classMethod" classname="Login with invalid phone number and/or password" time="19.157"/>
  <testcase name="User is on app login page" classname="Login with invalid phone number and/or password" time="11.993"/>
  <testcase name="User input &quot;81112345&quot; in phone number field" classname="Login with invalid phone number and/or password" time="0.649"/>
  <testcase name="User input &quot;PASS1234&quot; in password text field" classname="Login with invalid phone number and/or password" time="0.549"/>
  <testcase name="User click login button" classname="Login with invalid phone number and/or password" time="0.55"/>
  <testcase name="User is not on Home Page" classname="Login with invalid phone number and/or password" time="0.55"/>
  <testcase name="User see &quot;Wrong Phone/Pass Format&quot; as the error message on login page" classname="Login with invalid phone number and/or password" time="0.149"/>
  <testcase name="classMethod" classname="Login with invalid phone number and/or password" time="25.201"/>
  <testcase name="User is on app login page" classname="Login with invalid phone number and/or password" time="7.037"/>
  <testcase name="User input &quot;81112345&quot; in phone number field" classname="Login with invalid phone number and/or password" time="0.651"/>
  <testcase name="User input &quot;pass!@#$&quot; in password text field" classname="Login with invalid phone number and/or password" time="0.597"/>
  <testcase name="User click login button" classname="Login with invalid phone number and/or password" time="0.548"/>
  <testcase name="User is not on Home Page" classname="Login with invalid phone number and/or password" time="0.552"/>
  <testcase name="User see &quot;Wrong Phone/Pass Format&quot; as the error message on login page" classname="Login with invalid phone number and/or password" time="0.149"/>
  <testcase name="classMethod" classname="Login with invalid phone number and/or password" time="23.09"/>
  <testcase name="User is on app login page" classname="Login with invalid phone number and/or password" time="13.147"/>
  <testcase name="User input &quot;81112345&quot; in phone number field" classname="Login with invalid phone number and/or password" time="0.649"/>
  <testcase name="User input &quot;PASS!@#$&quot; in password text field" classname="Login with invalid phone number and/or password" time="0.547"/>
  <testcase name="User click login button" classname="Login with invalid phone number and/or password" time="0.549"/>
  <testcase name="User is not on Home Page" classname="Login with invalid phone number and/or password" time="0.551"/>
  <testcase name="User see &quot;Wrong Phone/Pass Format&quot; as the error message on login page" classname="Login with invalid phone number and/or password" time="0.147"/>
  <testcase name="classMethod" classname="Login with invalid phone number and/or password" time="28.859"/>
  <testcase name="User is on app login page" classname="Login with invalid phone number and/or password" time="13.164"/>
  <testcase name="User input &quot;81112345&quot; in phone number field" classname="Login with invalid phone number and/or password" time="0.627"/>
  <testcase name="User input &quot;!@#$1234&quot; in password text field" classname="Login with invalid phone number and/or password" time="0.548"/>
  <testcase name="User click login button" classname="Login with invalid phone number and/or password" time="0.569"/>
  <testcase name="User is not on Home Page" classname="Login with invalid phone number and/or password" time="0.554"/>
  <testcase name="User see &quot;Wrong Phone/Pass Format&quot; as the error message on login page" classname="Login with invalid phone number and/or password" time="0.123"/>
  <testcase name="classMethod" classname="Login with invalid phone number and/or password" time="33.447"/>
  <testcase name="User is on app login page" classname="Login with invalid phone number and/or password" time="8.258"/>
  <testcase name="User input &quot;81112345&quot; in phone number field" classname="Login with invalid phone number and/or password" time="0.572"/>
  <testcase name="User input &quot;!@#$%^&amp;*&quot; in password text field" classname="Login with invalid phone number and/or password" time="0.556"/>
  <testcase name="User click login button" classname="Login with invalid phone number and/or password" time="0.521"/>
  <testcase name="User is not on Home Page" classname="Login with invalid phone number and/or password" time="0.552"/>
  <testcase name="User see &quot;Wrong Phone/Pass Format&quot; as the error message on login page" classname="Login with invalid phone number and/or password" time="0.116"/>
  <testcase name="classMethod" classname="Login with invalid phone number and/or password" time="27.941"/>
  <testcase name="User is on app login page" classname="Login with invalid phone number and/or password" time="6.826"/>
  <testcase name="User input &quot;81112345&quot; in phone number field" classname="Login with invalid phone number and/or password" time="0.581"/>
  <testcase name="User input &quot;12345678&quot; in password text field" classname="Login with invalid phone number and/or password" time="0.533"/>
  <testcase name="User click login button" classname="Login with invalid phone number and/or password" time="0.523"/>
  <testcase name="User is not on Home Page" classname="Login with invalid phone number and/or password" time="0.56"/>
  <testcase name="User see &quot;Wrong Phone/Pass Format&quot; as the error message on login page" classname="Login with invalid phone number and/or password" time="0.183"/>
  <testcase name="classMethod" classname="Login with invalid phone number and/or password" time="18.24"/>
  <testcase name="User is on app login page" classname="Login with invalid phone number and/or password" time="8.256"/>
  <testcase name="User input &quot;81112345&quot; in phone number field" classname="Login with invalid phone number and/or password" time="0.593"/>
  <testcase name="User input &quot;PASSWORD&quot; in password text field" classname="Login with invalid phone number and/or password" time="0.53"/>
  <testcase name="User click login button" classname="Login with invalid phone number and/or password" time="0.549"/>
  <testcase name="User is not on Home Page" classname="Login with invalid phone number and/or password" time="0.55"/>
  <testcase name="User see &quot;Wrong Phone/Pass Format&quot; as the error message on login page" classname="Login with invalid phone number and/or password" time="0.1"/>
  <testcase name="classMethod" classname="Login with invalid phone number and/or password" time="24.34"/>
  <testcase name="User is on app login page" classname="Login with invalid phone number and/or password" time="11.827"/>
  <testcase name="User input &quot;81112345&quot; in phone number field" classname="Login with invalid phone number and/or password" time="0.593"/>
  <testcase name="User input &quot;password&quot; in password text field" classname="Login with invalid phone number and/or password" time="0.55"/>
  <testcase name="User click login button" classname="Login with invalid phone number and/or password" time="0.533"/>
  <testcase name="User is not on Home Page" classname="Login with invalid phone number and/or password" time="0.565"/>
  <testcase name="User see &quot;Wrong Phone/Pass Format&quot; as the error message on login page" classname="Login with invalid phone number and/or password" time="0.096"/>
  <testcase name="classMethod" classname="Login with invalid phone number and/or password" time="31.698"/>
  <testcase name="User is on app login page" classname="Login with invalid phone number and/or password" time="6.907"/>
  <testcase name="User input &quot;8959182736450&quot; in phone number field" classname="Login with invalid phone number and/or password" time="0.671"/>
  <testcase name="User input &quot;&quot; in password text field" classname="Login with invalid phone number and/or password" time="0.528"/>
  <testcase name="User click login button" classname="Login with invalid phone number and/or password" time="0.536"/>
  <testcase name="User is not on Home Page" classname="Login with invalid phone number and/or password" time="0.58"/>
  <testcase name="User see &quot;Wrong Phone/Pass Format&quot; as the error message on login page" classname="Login with invalid phone number and/or password" time="0.11"/>
  <testcase name="classMethod" classname="Login with invalid phone number and/or password" time="18.82"/>
  <testcase name="User is on app login page" classname="Login with invalid phone number and/or password" time="13.129"/>
  <testcase name="User input &quot;8959182736450&quot; in phone number field" classname="Login with invalid phone number and/or password" time="0.559"/>
  <testcase name="User input &quot;Pass@12&quot; in password text field" classname="Login with invalid phone number and/or password" time="0.553"/>
  <testcase name="User click login button" classname="Login with invalid phone number and/or password" time="0.538"/>
  <testcase name="User is not on Home Page" classname="Login with invalid phone number and/or password" time="0.565"/>
  <testcase name="User see &quot;Wrong Phone/Pass Format&quot; as the error message on login page" classname="Login with invalid phone number and/or password" time="0.134"/>
  <testcase name="classMethod" classname="Login with invalid phone number and/or password" time="27.255"/>
  <testcase name="User is on app login page" classname="Login with invalid phone number and/or password" time="13.172"/>
  <testcase name="User input &quot;8959182736450&quot; in phone number field" classname="Login with invalid phone number and/or password" time="0.604"/>
  <testcase name="User input &quot;LoginPassword@1234567&quot; in password text field" classname="Login with invalid phone number and/or password" time="0.551"/>
  <testcase name="User click login button" classname="Login with invalid phone number and/or password" time="0.523"/>
  <testcase name="User is not on Home Page" classname="Login with invalid phone number and/or password" time="0.567"/>
  <testcase name="User see &quot;Wrong Phone/Pass Format&quot; as the error message on login page" classname="Login with invalid phone number and/or password" time="0.106"/>
  <testcase name="classMethod" classname="Login with invalid phone number and/or password" time="32.792"/>
  <testcase name="User is on app login page" classname="Login with invalid phone number and/or password" time="13.159"/>
  <testcase name="User input &quot;8959182736450&quot; in phone number field" classname="Login with invalid phone number and/or password" time="0.584"/>
  <testcase name="User input &quot;Pass @123&quot; in password text field" classname="Login with invalid phone number and/or password" time="0.55"/>
  <testcase name="User click login button" classname="Login with invalid phone number and/or password" time="0.523"/>
  <testcase name="User is not on Home Page" classname="Login with invalid phone number and/or password" time="0.563"/>
  <testcase name="User see &quot;Wrong Phone/Pass Format&quot; as the error message on login page" classname="Login with invalid phone number and/or password" time="0.101"/>
  <testcase name="classMethod" classname="Login with invalid phone number and/or password" time="32.551"/>
  <testcase name="User is on app login page" classname="Login with invalid phone number and/or password" time="8.491"/>
  <testcase name="User input &quot;8959182736450&quot; in phone number field" classname="Login with invalid phone number and/or password" time="0.558"/>
  <testcase name="User input &quot;Pass1234&quot; in password text field" classname="Login with invalid phone number and/or password" time="0.546"/>
  <testcase name="User click login button" classname="Login with invalid phone number and/or password" time="0.522"/>
  <testcase name="User is not on Home Page" classname="Login with invalid phone number and/or password" time="0.566"/>
  <testcase name="User see &quot;Wrong Phone/Pass Format&quot; as the error message on login page" classname="Login with invalid phone number and/or password" time="0.23"/>
  <testcase name="classMethod" classname="Login with invalid phone number and/or password" time="27.997"/>
  <testcase name="User is on app login page" classname="Login with invalid phone number and/or password" time="6.137"/>
  <testcase name="User input &quot;8959182736450&quot; in phone number field" classname="Login with invalid phone number and/or password" time="0.582"/>
  <testcase name="User input &quot;Pass!@#$&quot; in password text field" classname="Login with invalid phone number and/or password" time="0.537"/>
  <testcase name="User click login button" classname="Login with invalid phone number and/or password" time="0.525"/>
  <testcase name="User is not on Home Page" classname="Login with invalid phone number and/or password" time="0.56"/>
  <testcase name="User see &quot;Wrong Phone/Pass Format&quot; as the error message on login page" classname="Login with invalid phone number and/or password" time="0.091"/>
  <testcase name="classMethod" classname="Login with invalid phone number and/or password" time="26.295"/>
  <testcase name="User is on app login page" classname="Login with invalid phone number and/or password" time="13.172"/>
  <testcase name="User input &quot;8959182736450&quot; in phone number field" classname="Login with invalid phone number and/or password" time="0.956"/>
  <testcase name="User input &quot;pass@123&quot; in password text field" classname="Login with invalid phone number and/or password" time="0.56"/>
  <testcase name="User click login button" classname="Login with invalid phone number and/or password" time="0.522"/>
  <testcase name="User is not on Home Page" classname="Login with invalid phone number and/or password" time="0.558"/>
  <testcase name="User see &quot;Wrong Phone/Pass Format&quot; as the error message on login page" classname="Login with invalid phone number and/or password" time="0.105"/>
  <testcase name="classMethod" classname="Login with invalid phone number and/or password" time="33.199"/>
  <testcase name="User is on app login page" classname="Login with invalid phone number and/or password" time="8.702"/>
  <testcase name="User input &quot;8959182736450&quot; in phone number field" classname="Login with invalid phone number and/or password" time="0.578"/>
  <testcase name="User input &quot;PASS@123&quot; in password text field" classname="Login with invalid phone number and/or password" time="0.524"/>
  <testcase name="User click login button" classname="Login with invalid phone number and/or password" time="0.523"/>
  <testcase name="User is not on Home Page" classname="Login with invalid phone number and/or password" time="0.579"/>
  <testcase name="User see &quot;Wrong Phone/Pass Format&quot; as the error message on login page" classname="Login with invalid phone number and/or password" time="0.106"/>
  <testcase name="classMethod" classname="Login with invalid phone number and/or password" time="28.095"/>
  <testcase name="User is on app login page" classname="Login with invalid phone number and/or password" time="9.065"/>
  <testcase name="User input &quot;8959182736450&quot; in phone number field" classname="Login with invalid phone number and/or password" time="0.576"/>
  <testcase name="User input &quot;PASSword&quot; in password text field" classname="Login with invalid phone number and/or password" time="0.551"/>
  <testcase name="User click login button" classname="Login with invalid phone number and/or password" time="0.529"/>
  <testcase name="User is not on Home Page" classname="Login with invalid phone number and/or password" time="0.563"/>
  <testcase name="User see &quot;Wrong Phone/Pass Format&quot; as the error message on login page" classname="Login with invalid phone number and/or password" time="0.109"/>
  <testcase name="classMethod" classname="Login with invalid phone number and/or password" time="28.606"/>
  <testcase name="User is on app login page" classname="Login with invalid phone number and/or password" time="4.207"/>
  <testcase name="User input &quot;8959182736450&quot; in phone number field" classname="Login with invalid phone number and/or password" time="0.684"/>
  <testcase name="User input &quot;pass1234&quot; in password text field" classname="Login with invalid phone number and/or password" time="0.553"/>
  <testcase name="User click login button" classname="Login with invalid phone number and/or password" time="0.547"/>
  <testcase name="User is not on Home Page" classname="Login with invalid phone number and/or password" time="0.552"/>
  <testcase name="User see &quot;Wrong Phone/Pass Format&quot; as the error message on login page" classname="Login with invalid phone number and/or password" time="0.149"/>
  <testcase name="classMethod" classname="Login with invalid phone number and/or password" time="16.607"/>
  <testcase name="User is on app login page" classname="Login with invalid phone number and/or password" time="13.229"/>
  <testcase name="User input &quot;8959182736450&quot; in phone number field" classname="Login with invalid phone number and/or password" time="0.649"/>
  <testcase name="User input &quot;PASS1234&quot; in password text field" classname="Login with invalid phone number and/or password" time="0.554"/>
  <testcase name="User click login button" classname="Login with invalid phone number and/or password" time="0.518"/>
  <testcase name="User is not on Home Page" classname="Login with invalid phone number and/or password" time="0.531"/>
  <testcase name="User see &quot;Wrong Phone/Pass Format&quot; as the error message on login page" classname="Login with invalid phone number and/or password" time="0.104"/>
  <testcase name="classMethod" classname="Login with invalid phone number and/or password" time="33.549"/>
  <testcase name="User is on app login page" classname="Login with invalid phone number and/or password" time="3.7"/>
  <testcase name="User input &quot;8959182736450&quot; in phone number field" classname="Login with invalid phone number and/or password" time="0.643"/>
  <testcase name="User input &quot;pass!@#$&quot; in password text field" classname="Login with invalid phone number and/or password" time="0.589"/>
  <testcase name="User click login button" classname="Login with invalid phone number and/or password" time="0.521"/>
  <testcase name="User is not on Home Page" classname="Login with invalid phone number and/or password" time="0.578"/>
  <testcase name="User see &quot;Wrong Phone/Pass Format&quot; as the error message on login page" classname="Login with invalid phone number and/or password" time="0.149"/>
  <testcase name="classMethod" classname="Login with invalid phone number and/or password" time="18.15"/>
  <testcase name="User is on app login page" classname="Login with invalid phone number and/or password" time="9.784"/>
  <testcase name="User input &quot;8959182736450&quot; in phone number field" classname="Login with invalid phone number and/or password" time="0.616"/>
  <testcase name="User input &quot;PASS!@#$&quot; in password text field" classname="Login with invalid phone number and/or password" time="0.581"/>
  <testcase name="User click login button" classname="Login with invalid phone number and/or password" time="0.55"/>
  <testcase name="User is not on Home Page" classname="Login with invalid phone number and/or password" time="0.549"/>
  <testcase name="User see &quot;Wrong Phone/Pass Format&quot; as the error message on login page" classname="Login with invalid phone number and/or password" time="0.151"/>
  <testcase name="classMethod" classname="Login with invalid phone number and/or password" time="29.99"/>
  <testcase name="User is on app login page" classname="Login with invalid phone number and/or password" time="3.744"/>
  <testcase name="User input &quot;8959182736450&quot; in phone number field" classname="Login with invalid phone number and/or password" time="0.601"/>
  <testcase name="User input &quot;!@#$1234&quot; in password text field" classname="Login with invalid phone number and/or password" time="0.55"/>
  <testcase name="User click login button" classname="Login with invalid phone number and/or password" time="0.601"/>
  <testcase name="User is not on Home Page" classname="Login with invalid phone number and/or password" time="0.556"/>
  <testcase name="User see &quot;Wrong Phone/Pass Format&quot; as the error message on login page" classname="Login with invalid phone number and/or password" time="0.143"/>
  <testcase name="classMethod" classname="Login with invalid phone number and/or password" time="23.86"/>
  <testcase name="User is on app login page" classname="Login with invalid phone number and/or password" time="13.187"/>
  <testcase name="User input &quot;8959182736450&quot; in phone number field" classname="Login with invalid phone number and/or password" time="0.652"/>
  <testcase name="User input &quot;!@#$%^&amp;*&quot; in password text field" classname="Login with invalid phone number and/or password" time="0.545"/>
  <testcase name="User click login button" classname="Login with invalid phone number and/or password" time="0.548"/>
  <testcase name="User is not on Home Page" classname="Login with invalid phone number and/or password" time="0.519"/>
  <testcase name="User see &quot;Wrong Phone/Pass Format&quot; as the error message on login page" classname="Login with invalid phone number and/or password" time="0.136"/>
  <testcase name="classMethod" classname="Login with invalid phone number and/or password" time="33.397"/>
  <testcase name="User is on app login page" classname="Login with invalid phone number and/or password" time="9.856"/>
  <testcase name="User input &quot;8959182736450&quot; in phone number field" classname="Login with invalid phone number and/or password" time="0.637"/>
  <testcase name="User input &quot;12345678&quot; in password text field" classname="Login with invalid phone number and/or password" time="0.589"/>
  <testcase name="User click login button" classname="Login with invalid phone number and/or password" time="0.549"/>
  <testcase name="User is not on Home Page" classname="Login with invalid phone number and/or password" time="0.55"/>
  <testcase name="User see &quot;Wrong Phone/Pass Format&quot; as the error message on login page" classname="Login with invalid phone number and/or password" time="0.102"/>
  <testcase name="classMethod" classname="Login with invalid phone number and/or password" time="28.306"/>
  <testcase name="User is on app login page" classname="Login with invalid phone number and/or password" time="9.429"/>
  <testcase name="User input &quot;8959182736450&quot; in phone number field" classname="Login with invalid phone number and/or password" time="0.611"/>
  <testcase name="User input &quot;PASSWORD&quot; in password text field" classname="Login with invalid phone number and/or password" time="0.585"/>
  <testcase name="User click login button" classname="Login with invalid phone number and/or password" time="0.52"/>
  <testcase name="User is not on Home Page" classname="Login with invalid phone number and/or password" time="0.579"/>
  <testcase name="User see &quot;Wrong Phone/Pass Format&quot; as the error message on login page" classname="Login with invalid phone number and/or password" time="0.149"/>
  <testcase name="classMethod" classname="Login with invalid phone number and/or password" time="29.127"/>
  <testcase name="User is on app login page" classname="Login with invalid phone number and/or password" time="9.166"/>
  <testcase name="User input &quot;8959182736450&quot; in phone number field" classname="Login with invalid phone number and/or password" time="0.678"/>
  <testcase name="User input &quot;password&quot; in password text field" classname="Login with invalid phone number and/or password" time="0.55"/>
  <testcase name="User click login button" classname="Login with invalid phone number and/or password" time="0.52"/>
  <testcase name="User is not on Home Page" classname="Login with invalid phone number and/or password" time="0.579"/>
  <testcase name="User see &quot;Wrong Phone/Pass Format&quot; as the error message on login page" classname="Login with invalid phone number and/or password" time="0.1"/>
  <testcase name="classMethod" classname="Login with invalid phone number and/or password" time="25.866"/>
  <testcase name="User is on app login page" classname="Login with invalid phone number and/or password" time="5.86"/>
  <testcase name="User input &quot;qwertyuiop&quot; in phone number field" classname="Login with invalid phone number and/or password" time="0.586"/>
  <testcase name="User input &quot;&quot; in password text field" classname="Login with invalid phone number and/or password" time="0.549"/>
  <testcase name="User click login button" classname="Login with invalid phone number and/or password" time="0.521"/>
  <testcase name="User is not on Home Page" classname="Login with invalid phone number and/or password" time="0.581"/>
  <testcase name="User see &quot;Wrong Phone/Pass Format&quot; as the error message on login page" classname="Login with invalid phone number and/or password" time="0.118"/>
  <testcase name="classMethod" classname="Login with invalid phone number and/or password" time="15.702"/>
  <testcase name="User is on app login page" classname="Login with invalid phone number and/or password" time="4.743"/>
  <testcase name="User input &quot;qwertyuiop&quot; in phone number field" classname="Login with invalid phone number and/or password" time="0.701"/>
  <testcase name="User input &quot;Pass@12&quot; in password text field" classname="Login with invalid phone number and/or password" time="0.596"/>
  <testcase name="User click login button" classname="Login with invalid phone number and/or password" time="0.55"/>
  <testcase name="User is not on Home Page" classname="Login with invalid phone number and/or password" time="0.551"/>
  <testcase name="User see &quot;Wrong Phone/Pass Format&quot; as the error message on login page" classname="Login with invalid phone number and/or password" time="0.151"/>
  <testcase name="classMethod" classname="Login with invalid phone number and/or password" time="20.156"/>
  <testcase name="User is on app login page" classname="Login with invalid phone number and/or password" time="13.146"/>
  <testcase name="User input &quot;qwertyuiop&quot; in phone number field" classname="Login with invalid phone number and/or password" time="0.697"/>
  <testcase name="User input &quot;LoginPassword@1234567&quot; in password text field" classname="Login with invalid phone number and/or password" time="0.551"/>
  <testcase name="User click login button" classname="Login with invalid phone number and/or password" time="0.548"/>
  <testcase name="User is not on Home Page" classname="Login with invalid phone number and/or password" time="0.549"/>
  <testcase name="User see &quot;Wrong Phone/Pass Format&quot; as the error message on login page" classname="Login with invalid phone number and/or password" time="0.151"/>
  <testcase name="classMethod" classname="Login with invalid phone number and/or password" time="25.039"/>
  <testcase name="User is on app login page" classname="Login with invalid phone number and/or password" time="13.144"/>
  <testcase name="User input &quot;qwertyuiop&quot; in phone number field" classname="Login with invalid phone number and/or password" time="0.648"/>
  <testcase name="User input &quot;Pass @123&quot; in password text field" classname="Login with invalid phone number and/or password" time="0.549"/>
  <testcase name="User click login button" classname="Login with invalid phone number and/or password" time="0.552"/>
  <testcase name="User is not on Home Page" classname="Login with invalid phone number and/or password" time="0.549"/>
  <testcase name="User see &quot;Wrong Phone/Pass Format&quot; as the error message on login page" classname="Login with invalid phone number and/or password" time="0.148"/>
  <testcase name="classMethod" classname="Login with invalid phone number and/or password" time="26.097"/>
  <testcase name="User is on app login page" classname="Login with invalid phone number and/or password" time="8.895"/>
  <testcase name="User input &quot;qwertyuiop&quot; in phone number field" classname="Login with invalid phone number and/or password" time="0.649"/>
  <testcase name="User input &quot;Pass1234&quot; in password text field" classname="Login with invalid phone number and/or password" time="0.548"/>
  <testcase name="User click login button" classname="Login with invalid phone number and/or password" time="0.55"/>
  <testcase name="User is not on Home Page" classname="Login with invalid phone number and/or password" time="0.549"/>
  <testcase name="User see &quot;Wrong Phone/Pass Format&quot; as the error message on login page" classname="Login with invalid phone number and/or password" time="0.212"/>
  <testcase name="classMethod" classname="Login with invalid phone number and/or password" time="22.303"/>
  <testcase name="User is on app login page" classname="Login with invalid phone number and/or password" time="4.002"/>
  <testcase name="User input &quot;qwertyuiop&quot; in phone number field" classname="Login with invalid phone number and/or password" time="0.649"/>
  <testcase name="User input &quot;Pass!@#$&quot; in password text field" classname="Login with invalid phone number and/or password" time="0.547"/>
  <testcase name="User click login button" classname="Login with invalid phone number and/or password" time="0.552"/>
  <testcase name="User is not on Home Page" classname="Login with invalid phone number and/or password" time="0.549"/>
  <testcase name="User see &quot;Wrong Phone/Pass Format&quot; as the error message on login page" classname="Login with invalid phone number and/or password" time="0.101"/>
  <testcase name="classMethod" classname="Login with invalid phone number and/or password" time="20.412"/>
  <testcase name="User is on app login page" classname="Login with invalid phone number and/or password" time="13.194"/>
  <testcase name="User input &quot;qwertyuiop&quot; in phone number field" classname="Login with invalid phone number and/or password" time="0.697"/>
  <testcase name="User input &quot;pass@123&quot; in password text field" classname="Login with invalid phone number and/or password" time="0.55"/>
  <testcase name="User click login button" classname="Login with invalid phone number and/or password" time="0.602"/>
  <testcase name="User is not on Home Page" classname="Login with invalid phone number and/or password" time="0.498"/>
  <testcase name="User see &quot;Wrong Phone/Pass Format&quot; as the error message on login page" classname="Login with invalid phone number and/or password" time="0.152"/>
  <testcase name="classMethod" classname="Login with invalid phone number and/or password" time="33.697"/>
  <testcase name="User is on app login page" classname="Login with invalid phone number and/or password" time="13.642"/>
  <testcase name="User input &quot;qwertyuiop&quot; in phone number field" classname="Login with invalid phone number and/or password" time="0.582"/>
  <testcase name="User input &quot;PASS@123&quot; in password text field" classname="Login with invalid phone number and/or password" time="0.597"/>
  <testcase name="User click login button" classname="Login with invalid phone number and/or password" time="0.519"/>
  <testcase name="User is not on Home Page" classname="Login with invalid phone number and/or password" time="0.581"/>
  <testcase name="User see &quot;Wrong Phone/Pass Format&quot; as the error message on login page" classname="Login with invalid phone number and/or password" time="0.098"/>
  <testcase name="classMethod" classname="Login with invalid phone number and/or password" time="33.997"/>
  <testcase name="User is on app login page" classname="Login with invalid phone number and/or password" time="3.653"/>
  <testcase name="User input &quot;qwertyuiop&quot; in phone number field" classname="Login with invalid phone number and/or password" time="0.603"/>
  <testcase name="User input &quot;PASSword&quot; in password text field" classname="Login with invalid phone number and/or password" time="0.552"/>
  <testcase name="User click login button" classname="Login with invalid phone number and/or password" time="0.529"/>
  <testcase name="User is not on Home Page" classname="Login with invalid phone number and/or password" time="0.56"/>
  <testcase name="User see &quot;Wrong Phone/Pass Format&quot; as the error message on login page" classname="Login with invalid phone number and/or password" time="0.098"/>
  <testcase name="classMethod" classname="Login with invalid phone number and/or password" time="18.694"/>
  <testcase name="User is on app login page" classname="Login with invalid phone number and/or password" time="13.107"/>
  <testcase name="User input &quot;qwertyuiop&quot; in phone number field" classname="Login with invalid phone number and/or password" time="0.646"/>
  <testcase name="User input &quot;pass1234&quot; in password text field" classname="Login with invalid phone number and/or password" time="0.578"/>
  <testcase name="User click login button" classname="Login with invalid phone number and/or password" time="0.524"/>
  <testcase name="User is not on Home Page" classname="Login with invalid phone number and/or password" time="0.578"/>
  <testcase name="User see &quot;Wrong Phone/Pass Format&quot; as the error message on login page" classname="Login with invalid phone number and/or password" time="0.149"/>
  <testcase name="classMethod" classname="Login with invalid phone number and/or password" time="28.296"/>
  <testcase name="User is on app login page" classname="Login with invalid phone number and/or password" time="4.64"/>
  <testcase name="User input &quot;qwertyuiop&quot; in phone number field" classname="Login with invalid phone number and/or password" time="0.693"/>
  <testcase name="User input &quot;PASS1234&quot; in password text field" classname="Login with invalid phone number and/or password" time="0.548"/>
  <testcase name="User click login button" classname="Login with invalid phone number and/or password" time="0.55"/>
  <testcase name="User is not on Home Page" classname="Login with invalid phone number and/or password" time="0.551"/>
  <testcase name="User see &quot;Wrong Phone/Pass Format&quot; as the error message on login page" classname="Login with invalid phone number and/or password" time="0.147"/>
  <testcase name="classMethod" classname="Login with invalid phone number and/or password" time="16.757"/>
  <testcase name="User is on app login page" classname="Login with invalid phone number and/or password" time="3.744"/>
  <testcase name="User input &quot;qwertyuiop&quot; in phone number field" classname="Login with invalid phone number and/or password" time="0.663"/>
  <testcase name="User input &quot;pass!@#$&quot; in password text field" classname="Login with invalid phone number and/or password" time="0.586"/>
  <testcase name="User click login button" classname="Login with invalid phone number and/or password" time="0.552"/>
  <testcase name="User is not on Home Page" classname="Login with invalid phone number and/or password" time="0.547"/>
  <testcase name="User see &quot;Wrong Phone/Pass Format&quot; as the error message on login page" classname="Login with invalid phone number and/or password" time="0.15"/>
  <testcase name="classMethod" classname="Login with invalid phone number and/or password" time="24.345"/>
  <testcase name="User is on app login page" classname="Login with invalid phone number and/or password" time="4.164"/>
  <testcase name="User input &quot;qwertyuiop&quot; in phone number field" classname="Login with invalid phone number and/or password" time="0.641"/>
  <testcase name="User input &quot;PASS!@#$&quot; in password text field" classname="Login with invalid phone number and/or password" time="0.594"/>
  <testcase name="User click login button" classname="Login with invalid phone number and/or password" time="0.55"/>
  <testcase name="User is not on Home Page" classname="Login with invalid phone number and/or password" time="0.55"/>
  <testcase name="User see &quot;Wrong Phone/Pass Format&quot; as the error message on login page" classname="Login with invalid phone number and/or password" time="0.148"/>
  <testcase name="classMethod" classname="Login with invalid phone number and/or password" time="20.111"/>
  <testcase name="User is on app login page" classname="Login with invalid phone number and/or password" time="12.55"/>
  <testcase name="User input &quot;qwertyuiop&quot; in phone number field" classname="Login with invalid phone number and/or password" time="0.6"/>
  <testcase name="User input &quot;!@#$1234&quot; in password text field" classname="Login with invalid phone number and/or password" time="0.607"/>
  <testcase name="User click login button" classname="Login with invalid phone number and/or password" time="0.542"/>
  <testcase name="User is not on Home Page" classname="Login with invalid phone number and/or password" time="0.508"/>
  <testcase name="User see &quot;Wrong Phone/Pass Format&quot; as the error message on login page" classname="Login with invalid phone number and/or password" time="0.138"/>
  <testcase name="classMethod" classname="Login with invalid phone number and/or password" time="25.99"/>
  <testcase name="User is on app login page" classname="Login with invalid phone number and/or password" time="12.95"/>
  <testcase name="User input &quot;qwertyuiop&quot; in phone number field" classname="Login with invalid phone number and/or password" time="0.601"/>
  <testcase name="User input &quot;!@#$%^&amp;*&quot; in password text field" classname="Login with invalid phone number and/or password" time="0.599"/>
  <testcase name="User click login button" classname="Login with invalid phone number and/or password" time="0.548"/>
  <testcase name="User is not on Home Page" classname="Login with invalid phone number and/or password" time="0.549"/>
  <testcase name="User see &quot;Wrong Phone/Pass Format&quot; as the error message on login page" classname="Login with invalid phone number and/or password" time="0.099"/>
  <testcase name="classMethod" classname="Login with invalid phone number and/or password" time="33.509"/>
  <testcase name="User is on app login page" classname="Login with invalid phone number and/or password" time="4.654"/>
  <testcase name="User input &quot;qwertyuiop&quot; in phone number field" classname="Login with invalid phone number and/or password" time="0.588"/>
  <testcase name="User input &quot;12345678&quot; in password text field" classname="Login with invalid phone number and/or password" time="0.57"/>
  <testcase name="User click login button" classname="Login with invalid phone number and/or password" time="0.548"/>
  <testcase name="User is not on Home Page" classname="Login with invalid phone number and/or password" time="0.576"/>
  <testcase name="User see &quot;Wrong Phone/Pass Format&quot; as the error message on login page" classname="Login with invalid phone number and/or password" time="0.149"/>
  <testcase name="classMethod" classname="Login with invalid phone number and/or password" time="26.145"/>
  <testcase name="User is on app login page" classname="Login with invalid phone number and/or password" time="6.998"/>
  <testcase name="User input &quot;qwertyuiop&quot; in phone number field" classname="Login with invalid phone number and/or password" time="0.635"/>
  <testcase name="User input &quot;PASSWORD&quot; in password text field" classname="Login with invalid phone number and/or password" time="0.55"/>
  <testcase name="User click login button" classname="Login with invalid phone number and/or password" time="0.551"/>
  <testcase name="User is not on Home Page" classname="Login with invalid phone number and/or password" time="0.599"/>
  <testcase name="User see &quot;Wrong Phone/Pass Format&quot; as the error message on login page" classname="Login with invalid phone number and/or password" time="0.159"/>
  <testcase name="classMethod" classname="Login with invalid phone number and/or password" time="18.302"/>
  <testcase name="User is on app login page" classname="Login with invalid phone number and/or password" time="4.1"/>
  <testcase name="User input &quot;qwertyuiop&quot; in phone number field" classname="Login with invalid phone number and/or password" time="0.61"/>
  <testcase name="User input &quot;password&quot; in password text field" classname="Login with invalid phone number and/or password" time="0.589"/>
  <testcase name="User click login button" classname="Login with invalid phone number and/or password" time="0.55"/>
  <testcase name="User is not on Home Page" classname="Login with invalid phone number and/or password" time="0.551"/>
  <testcase name="User see &quot;Wrong Phone/Pass Format&quot; as the error message on login page" classname="Login with invalid phone number and/or password" time="0.149"/>
  <testcase name="classMethod" classname="Login with invalid phone number and/or password" time="15.503"/>
  <testcase name="User is on app login page" classname="Login with invalid phone number and/or password" time="3.745"/>
  <testcase name="User input &quot;qwerty12345&quot; in phone number field" classname="Login with invalid phone number and/or password" time="0.601"/>
  <testcase name="User input &quot;&quot; in password text field" classname="Login with invalid phone number and/or password" time="0.6"/>
  <testcase name="User click login button" classname="Login with invalid phone number and/or password" time="0.55"/>
  <testcase name="User is not on Home Page" classname="Login with invalid phone number and/or password" time="0.549"/>
  <testcase name="User see &quot;Wrong Phone/Pass Format&quot; as the error message on login page" classname="Login with invalid phone number and/or password" time="0.15"/>
  <testcase name="classMethod" classname="Login with invalid phone number and/or password" time="17.29"/>
  <testcase name="User is on app login page" classname="Login with invalid phone number and/or password" time="3.65"/>
  <testcase name="User input &quot;qwerty12345&quot; in phone number field" classname="Login with invalid phone number and/or password" time="0.65"/>
  <testcase name="User input &quot;Pass@12&quot; in password text field" classname="Login with invalid phone number and/or password" time="0.548"/>
  <testcase name="User click login button" classname="Login with invalid phone number and/or password" time="0.549"/>
  <testcase name="User is not on Home Page" classname="Login with invalid phone number and/or password" time="0.549"/>
  <testcase name="User see &quot;Wrong Phone/Pass Format&quot; as the error message on login page" classname="Login with invalid phone number and/or password" time="0.149"/>
  <testcase name="classMethod" classname="Login with invalid phone number and/or password" time="22.197"/>
  <testcase name="User is on app login page" classname="Login with invalid phone number and/or password" time="7.249"/>
  <testcase name="User input &quot;qwerty12345&quot; in phone number field" classname="Login with invalid phone number and/or password" time="0.6"/>
  <testcase name="User input &quot;LoginPassword@1234567&quot; in password text field" classname="Login with invalid phone number and/or password" time="0.599"/>
  <testcase name="User click login button" classname="Login with invalid phone number and/or password" time="0.551"/>
  <testcase name="User is not on Home Page" classname="Login with invalid phone number and/or password" time="0.55"/>
  <testcase name="User see &quot;Wrong Phone/Pass Format&quot; as the error message on login page" classname="Login with invalid phone number and/or password" time="0.156"/>
  <testcase name="classMethod" classname="Login with invalid phone number and/or password" time="20.601"/>
  <testcase name="User is on app login page" classname="Login with invalid phone number and/or password" time="3.748"/>
  <testcase name="User input &quot;qwerty12345&quot; in phone number field" classname="Login with invalid phone number and/or password" time="0.595"/>
  <testcase name="User input &quot;Pass @123&quot; in password text field" classname="Login with invalid phone number and/or password" time="0.599"/>
  <testcase name="User click login button" classname="Login with invalid phone number and/or password" time="0.554"/>
  <testcase name="User is not on Home Page" classname="Login with invalid phone number and/or password" time="0.546"/>
  <testcase name="User see &quot;Wrong Phone/Pass Format&quot; as the error message on login page" classname="Login with invalid phone number and/or password" time="0.151"/>
  <testcase name="classMethod" classname="Login with invalid phone number and/or password" time="24.351"/>
  <testcase name="User is on app login page" classname="Login with invalid phone number and/or password" time="3.743"/>
  <testcase name="User input &quot;qwerty12345&quot; in phone number field" classname="Login with invalid phone number and/or password" time="0.598"/>
  <testcase name="User input &quot;Pass1234&quot; in password text field" classname="Login with invalid phone number and/or password" time="0.55"/>
  <testcase name="User click login button" classname="Login with invalid phone number and/or password" time="0.549"/>
  <testcase name="User is not on Home Page" classname="Login with invalid phone number and/or password" time="0.549"/>
  <testcase name="User see &quot;Wrong Phone/Pass Format&quot; as the error message on login page" classname="Login with invalid phone number and/or password" time="0.15"/>
  <testcase name="classMethod" classname="Login with invalid phone number and/or password" time="17.761"/>
  <testcase name="User is on app login page" classname="Login with invalid phone number and/or password" time="3.756"/>
  <testcase name="User input &quot;qwerty12345&quot; in phone number field" classname="Login with invalid phone number and/or password" time="0.64"/>
  <testcase name="User input &quot;Pass!@#$&quot; in password text field" classname="Login with invalid phone number and/or password" time="0.549"/>
  <testcase name="User click login button" classname="Login with invalid phone number and/or password" time="0.549"/>
  <testcase name="User is not on Home Page" classname="Login with invalid phone number and/or password" time="0.55"/>
  <testcase name="User see &quot;Wrong Phone/Pass Format&quot; as the error message on login page" classname="Login with invalid phone number and/or password" time="0.152"/>
  <testcase name="classMethod" classname="Login with invalid phone number and/or password" time="18.352"/>
  <testcase name="User is on app login page" classname="Login with invalid phone number and/or password" time="5.892"/>
  <testcase name="User input &quot;qwerty12345&quot; in phone number field" classname="Login with invalid phone number and/or password" time="0.604"/>
  <testcase name="User input &quot;pass@123&quot; in password text field" classname="Login with invalid phone number and/or password" time="0.595"/>
  <testcase name="User click login button" classname="Login with invalid phone number and/or password" time="0.55"/>
  <testcase name="User is not on Home Page" classname="Login with invalid phone number and/or password" time="0.549"/>
  <testcase name="User see &quot;Wrong Phone/Pass Format&quot; as the error message on login page" classname="Login with invalid phone number and/or password" time="0.499"/>
  <testcase name="classMethod" classname="Login with invalid phone number and/or password" time="17.55"/>
  <testcase name="User is on app login page" classname="Login with invalid phone number and/or password" time="3.697"/>
  <testcase name="User input &quot;qwerty12345&quot; in phone number field" classname="Login with invalid phone number and/or password" time="0.655"/>
  <testcase name="User input &quot;PASS@123&quot; in password text field" classname="Login with invalid phone number and/or password" time="0.545"/>
  <testcase name="User click login button" classname="Login with invalid phone number and/or password" time="0.549"/>
  <testcase name="User is not on Home Page" classname="Login with invalid phone number and/or password" time="0.549"/>
  <testcase name="User see &quot;Wrong Phone/Pass Format&quot; as the error message on login page" classname="Login with invalid phone number and/or password" time="0.15"/>
  <testcase name="classMethod" classname="Login with invalid phone number and/or password" time="24.198"/>
  <testcase name="User is on app login page" classname="Login with invalid phone number and/or password" time="5.986"/>
  <testcase name="User input &quot;qwerty12345&quot; in phone number field" classname="Login with invalid phone number and/or password" time="1.05"/>
  <testcase name="User input &quot;PASSword&quot; in password text field" classname="Login with invalid phone number and/or password" time="0.551"/>
  <testcase name="User click login button" classname="Login with invalid phone number and/or password" time="0.549"/>
  <testcase name="User is not on Home Page" classname="Login with invalid phone number and/or password" time="0.548"/>
  <testcase name="User see &quot;Wrong Phone/Pass Format&quot; as the error message on login page" classname="Login with invalid phone number and/or password" time="0.15"/>
  <testcase name="classMethod" classname="Login with invalid phone number and/or password" time="17.551"/>
  <testcase name="User is on app login page" classname="Login with invalid phone number and/or password" time="3.701"/>
  <testcase name="User input &quot;qwerty12345&quot; in phone number field" classname="Login with invalid phone number and/or password" time="0.611"/>
  <testcase name="User input &quot;pass1234&quot; in password text field" classname="Login with invalid phone number and/or password" time="0.588"/>
  <testcase name="User click login button" classname="Login with invalid phone number and/or password" time="0.551"/>
  <testcase name="User is not on Home Page" classname="Login with invalid phone number and/or password" time="0.549"/>
  <testcase name="User see &quot;Wrong Phone/Pass Format&quot; as the error message on login page" classname="Login with invalid phone number and/or password" time="0.15"/>
  <testcase name="classMethod" classname="Login with invalid phone number and/or password" time="23.3"/>
  <testcase name="User is on app login page" classname="Login with invalid phone number and/or password" time="3.683"/>
  <testcase name="User input &quot;qwerty12345&quot; in phone number field" classname="Login with invalid phone number and/or password" time="0.609"/>
  <testcase name="User input &quot;PASS1234&quot; in password text field" classname="Login with invalid phone number and/or password" time="0.59"/>
  <testcase name="User click login button" classname="Login with invalid phone number and/or password" time="0.553"/>
  <testcase name="User is not on Home Page" classname="Login with invalid phone number and/or password" time="0.548"/>
  <testcase name="User see &quot;Wrong Phone/Pass Format&quot; as the error message on login page" classname="Login with invalid phone number and/or password" time="0.149"/>
  <testcase name="classMethod" classname="Login with invalid phone number and/or password" time="18.086"/>
  <testcase name="User is on app login page" classname="Login with invalid phone number and/or password" time="7.752"/>
  <testcase name="User input &quot;qwerty12345&quot; in phone number field" classname="Login with invalid phone number and/or password" time="0.65"/>
  <testcase name="User input &quot;pass!@#$&quot; in password text field" classname="Login with invalid phone number and/or password" time="0.548"/>
  <testcase name="User click login button" classname="Login with invalid phone number and/or password" time="0.55"/>
  <testcase name="User is not on Home Page" classname="Login with invalid phone number and/or password" time="0.55"/>
  <testcase name="User see &quot;Wrong Phone/Pass Format&quot; as the error message on login page" classname="Login with invalid phone number and/or password" time="0.149"/>
  <testcase name="classMethod" classname="Login with invalid phone number and/or password" time="27.251"/>
  <testcase name="User is on app login page" classname="Login with invalid phone number and/or password" time="8.756"/>
  <testcase name="User input &quot;qwerty12345&quot; in phone number field" classname="Login with invalid phone number and/or password" time="0.649"/>
  <testcase name="User input &quot;PASS!@#$&quot; in password text field" classname="Login with invalid phone number and/or password" time="0.595"/>
  <testcase name="User click login button" classname="Login with invalid phone number and/or password" time="0.541"/>
  <testcase name="User is not on Home Page" classname="Login with invalid phone number and/or password" time="0.55"/>
  <testcase name="User see &quot;Wrong Phone/Pass Format&quot; as the error message on login page" classname="Login with invalid phone number and/or password" time="0.151"/>
  <testcase name="classMethod" classname="Login with invalid phone number and/or password" time="23.049"/>
  <testcase name="User is on app login page" classname="Login with invalid phone number and/or password" time="7.497"/>
  <testcase name="User input &quot;qwerty12345&quot; in phone number field" classname="Login with invalid phone number and/or password" time="1.15"/>
  <testcase name="User input &quot;!@#$1234&quot; in password text field" classname="Login with invalid phone number and/or password" time="0.548"/>
  <testcase name="User click login button" classname="Login with invalid phone number and/or password" time="0.551"/>
  <testcase name="User is not on Home Page" classname="Login with invalid phone number and/or password" time="0.549"/>
  <testcase name="User see &quot;Wrong Phone/Pass Format&quot; as the error message on login page" classname="Login with invalid phone number and/or password" time="0.149"/>
  <testcase name="classMethod" classname="Login with invalid phone number and/or password" time="28.311"/>
  <testcase name="User is on app login page" classname="Login with invalid phone number and/or password" time="9.852"/>
  <testcase name="User input &quot;qwerty12345&quot; in phone number field" classname="Login with invalid phone number and/or password" time="0.683"/>
  <testcase name="User input &quot;!@#$%^&amp;*&quot; in password text field" classname="Login with invalid phone number and/or password" time="0.547"/>
  <testcase name="User click login button" classname="Login with invalid phone number and/or password" time="0.55"/>
  <testcase name="User is not on Home Page" classname="Login with invalid phone number and/or password" time="0.549"/>
  <testcase name="User see &quot;Wrong Phone/Pass Format&quot; as the error message on login page" classname="Login with invalid phone number and/or password" time="0.151"/>
  <testcase name="classMethod" classname="Login with invalid phone number and/or password" time="27.102"/>
  <testcase name="User is on app login page" classname="Login with invalid phone number and/or password" time="4.7"/>
  <testcase name="User input &quot;qwerty12345&quot; in phone number field" classname="Login with invalid phone number and/or password" time="0.647"/>
  <testcase name="User input &quot;12345678&quot; in password text field" classname="Login with invalid phone number and/or password" time="0.585"/>
  <testcase name="User click login button" classname="Login with invalid phone number and/or password" time="0.551"/>
  <testcase name="User is not on Home Page" classname="Login with invalid phone number and/or password" time="0.55"/>
  <testcase name="User see &quot;Wrong Phone/Pass Format&quot; as the error message on login page" classname="Login with invalid phone number and/or password" time="0.149"/>
  <testcase name="classMethod" classname="Login with invalid phone number and/or password" time="20.149"/>
  <testcase name="User is on app login page" classname="Login with invalid phone number and/or password" time="5.146"/>
  <testcase name="User input &quot;qwerty12345&quot; in phone number field" classname="Login with invalid phone number and/or password" time="0.649"/>
  <testcase name="User input &quot;PASSWORD&quot; in password text field" classname="Login with invalid phone number and/or password" time="0.548"/>
  <testcase name="User click login button" classname="Login with invalid phone number and/or password" time="0.551"/>
  <testcase name="User is not on Home Page" classname="Login with invalid phone number and/or password" time="0.551"/>
  <testcase name="User see &quot;Wrong Phone/Pass Format&quot; as the error message on login page" classname="Login with invalid phone number and/or password" time="0.147"/>
  <testcase name="classMethod" classname="Login with invalid phone number and/or password" time="18.701"/>
  <testcase name="User is on app login page" classname="Login with invalid phone number and/or password" time="4.389"/>
  <testcase name="User input &quot;qwerty12345&quot; in phone number field" classname="Login with invalid phone number and/or password" time="0.604"/>
  <testcase name="User input &quot;password&quot; in password text field" classname="Login with invalid phone number and/or password" time="0.592"/>
  <testcase name="User click login button" classname="Login with invalid phone number and/or password" time="0.55"/>
  <testcase name="User is not on Home Page" classname="Login with invalid phone number and/or password" time="0.554"/>
  <testcase name="User see &quot;Wrong Phone/Pass Format&quot; as the error message on login page" classname="Login with invalid phone number and/or password" time="0.15"/>
  <testcase name="classMethod" classname="Login with invalid phone number and/or password" time="21.498"/>
  <testcase name="User is on app login page" classname="Login with invalid phone number and/or password" time="3.651"/>
  <testcase name="User input &quot;.-,_,._,-&quot; in phone number field" classname="Login with invalid phone number and/or password" time="0.646"/>
  <testcase name="User input &quot;&quot; in password text field" classname="Login with invalid phone number and/or password" time="0.592"/>
  <testcase name="User click login button" classname="Login with invalid phone number and/or password" time="0.549"/>
  <testcase name="User is not on Home Page" classname="Login with invalid phone number and/or password" time="0.55"/>
  <testcase name="User see &quot;Wrong Phone/Pass Format&quot; as the error message on login page" classname="Login with invalid phone number and/or password" time="0.149"/>
  <testcase name="classMethod" classname="Login with invalid phone number and/or password" time="19.603"/>
  <testcase name="User is on app login page" classname="Login with invalid phone number and/or password" time="4.558"/>
  <testcase name="User input &quot;.-,_,._,-&quot; in phone number field" classname="Login with invalid phone number and/or password" time="0.687"/>
  <testcase name="User input &quot;Pass@12&quot; in password text field" classname="Login with invalid phone number and/or password" time="0.598"/>
  <testcase name="User click login button" classname="Login with invalid phone number and/or password" time="0.551"/>
  <testcase name="User is not on Home Page" classname="Login with invalid phone number and/or password" time="0.549"/>
  <testcase name="User see &quot;Wrong Phone/Pass Format&quot; as the error message on login page" classname="Login with invalid phone number and/or password" time="0.151"/>
  <testcase name="classMethod" classname="Login with invalid phone number and/or password" time="17.336"/>
  <testcase name="User is on app login page" classname="Login with invalid phone number and/or password" time="8.59"/>
  <testcase name="User input &quot;.-,_,._,-&quot; in phone number field" classname="Login with invalid phone number and/or password" time="0.605"/>
  <testcase name="User input &quot;LoginPassword@1234567&quot; in password text field" classname="Login with invalid phone number and/or password" time="0.941"/>
  <testcase name="User click login button" classname="Login with invalid phone number and/or password" time="0.559"/>
  <testcase name="User is not on Home Page" classname="Login with invalid phone number and/or password" time="0.54"/>
  <testcase name="User see &quot;Wrong Phone/Pass Format&quot; as the error message on login page" classname="Login with invalid phone number and/or password" time="0.15"/>
  <testcase name="classMethod" classname="Login with invalid phone number and/or password" time="22.114"/>
  <testcase name="User is on app login page" classname="Login with invalid phone number and/or password" time="4.602"/>
  <testcase name="User input &quot;.-,_,._,-&quot; in phone number field" classname="Login with invalid phone number and/or password" time="0.603"/>
  <testcase name="User input &quot;Pass @123&quot; in password text field" classname="Login with invalid phone number and/or password" time="0.596"/>
  <testcase name="User click login button" classname="Login with invalid phone number and/or password" time="0.55"/>
  <testcase name="User is not on Home Page" classname="Login with invalid phone number and/or password" time="0.552"/>
  <testcase name="User see &quot;Wrong Phone/Pass Format&quot; as the error message on login page" classname="Login with invalid phone number and/or password" time="0.146"/>
  <testcase name="classMethod" classname="Login with invalid phone number and/or password" time="16.468"/>
  <testcase name="User is on app login page" classname="Login with invalid phone number and/or password" time="3.752"/>
  <testcase name="User input &quot;.-,_,._,-&quot; in phone number field" classname="Login with invalid phone number and/or password" time="0.635"/>
  <testcase name="User input &quot;Pass1234&quot; in password text field" classname="Login with invalid phone number and/or password" time="0.599"/>
  <testcase name="User click login button" classname="Login with invalid phone number and/or password" time="0.55"/>
  <testcase name="User is not on Home Page" classname="Login with invalid phone number and/or password" time="0.549"/>
  <testcase name="User see &quot;Wrong Phone/Pass Format&quot; as the error message on login page" classname="Login with invalid phone number and/or password" time="0.15"/>
  <testcase name="classMethod" classname="Login with invalid phone number and/or password" time="17.348"/>
  <testcase name="User is on app login page" classname="Login with invalid phone number and/or password" time="3.761"/>
  <testcase name="User input &quot;.-,_,._,-&quot; in phone number field" classname="Login with invalid phone number and/or password" time="0.643"/>
  <testcase name="User input &quot;Pass!@#$&quot; in password text field" classname="Login with invalid phone number and/or password" time="0.593"/>
  <testcase name="User click login button" classname="Login with invalid phone number and/or password" time="0.55"/>
  <testcase name="User is not on Home Page" classname="Login with invalid phone number and/or password" time="0.551"/>
  <testcase name="User see &quot;Wrong Phone/Pass Format&quot; as the error message on login page" classname="Login with invalid phone number and/or password" time="0.109"/>
  <testcase name="classMethod" classname="Login with invalid phone number and/or password" time="19.152"/>
  <testcase name="User is on app login page" classname="Login with invalid phone number and/or password" time="13.188"/>
  <testcase name="User input &quot;.-,_,._,-&quot; in phone number field" classname="Login with invalid phone number and/or password" time="0.647"/>
  <testcase name="User input &quot;pass@123&quot; in password text field" classname="Login with invalid phone number and/or password" time="0.548"/>
  <testcase name="User click login button" classname="Login with invalid phone number and/or password" time="0.552"/>
  <testcase name="User is not on Home Page" classname="Login with invalid phone number and/or password" time="0.547"/>
  <testcase name="User see &quot;Wrong Phone/Pass Format&quot; as the error message on login page" classname="Login with invalid phone number and/or password" time="0.151"/>
  <testcase name="classMethod" classname="Login with invalid phone number and/or password" time="33.763"/>
  <testcase name="User is on app login page" classname="Login with invalid phone number and/or password" time="7.297"/>
  <testcase name="User input &quot;.-,_,._,-&quot; in phone number field" classname="Login with invalid phone number and/or password" time="0.609"/>
  <testcase name="User input &quot;PASS@123&quot; in password text field" classname="Login with invalid phone number and/or password" time="0.586"/>
  <testcase name="User click login button" classname="Login with invalid phone number and/or password" time="0.55"/>
  <testcase name="User is not on Home Page" classname="Login with invalid phone number and/or password" time="0.55"/>
  <testcase name="User see &quot;Wrong Phone/Pass Format&quot; as the error message on login page" classname="Login with invalid phone number and/or password" time="0.149"/>
  <testcase name="classMethod" classname="Login with invalid phone number and/or password" time="27.841"/>
  <testcase name="User is on app login page" classname="Login with invalid phone number and/or password" time="13.098"/>
  <testcase name="User input &quot;.-,_,._,-&quot; in phone number field" classname="Login with invalid phone number and/or password" time="0.652"/>
  <testcase name="User input &quot;PASSword&quot; in password text field" classname="Login with invalid phone number and/or password" time="0.543"/>
  <testcase name="User click login button" classname="Login with invalid phone number and/or password" time="0.553"/>
  <testcase name="User is not on Home Page" classname="Login with invalid phone number and/or password" time="0.547"/>
  <testcase name="User see &quot;Wrong Phone/Pass Format&quot; as the error message on login page" classname="Login with invalid phone number and/or password" time="0.149"/>
  <testcase name="classMethod" classname="Login with invalid phone number and/or password" time="25.548"/>
  <testcase name="User is on app login page" classname="Login with invalid phone number and/or password" time="10.052"/>
  <testcase name="User input &quot;.-,_,._,-&quot; in phone number field" classname="Login with invalid phone number and/or password" time="0.647"/>
  <testcase name="User input &quot;pass1234&quot; in password text field" classname="Login with invalid phone number and/or password" time="0.55"/>
  <testcase name="User click login button" classname="Login with invalid phone number and/or password" time="0.549"/>
  <testcase name="User is not on Home Page" classname="Login with invalid phone number and/or password" time="0.55"/>
  <testcase name="User see &quot;Wrong Phone/Pass Format&quot; as the error message on login page" classname="Login with invalid phone number and/or password" time="0.148"/>
  <testcase name="classMethod" classname="Login with invalid phone number and/or password" time="24.349"/>
  <testcase name="User is on app login page" classname="Login with invalid phone number and/or password" time="13.095"/>
  <testcase name="User input &quot;.-,_,._,-&quot; in phone number field" classname="Login with invalid phone number and/or password" time="0.609"/>
  <testcase name="User input &quot;PASS1234&quot; in password text field" classname="Login with invalid phone number and/or password" time="0.588"/>
  <testcase name="User click login button" classname="Login with invalid phone number and/or password" time="0.55"/>
  <testcase name="User is not on Home Page" classname="Login with invalid phone number and/or password" time="0.549"/>
  <testcase name="User see &quot;Wrong Phone/Pass Format&quot; as the error message on login page" classname="Login with invalid phone number and/or password" time="0.098"/>
  <testcase name="classMethod" classname="Login with invalid phone number and/or password" time="30.251"/>
  <testcase name="User is on app login page" classname="Login with invalid phone number and/or password" time="13.146"/>
  <testcase name="User input &quot;.-,_,._,-&quot; in phone number field" classname="Login with invalid phone number and/or password" time="0.599"/>
  <testcase name="User input &quot;pass!@#$&quot; in password text field" classname="Login with invalid phone number and/or password" time="0.546"/>
  <testcase name="User click login button" classname="Login with invalid phone number and/or password" time="0.55"/>
  <testcase name="User is not on Home Page" classname="Login with invalid phone number and/or password" time="0.599"/>
  <testcase name="User see &quot;Wrong Phone/Pass Format&quot; as the error message on login page" classname="Login with invalid phone number and/or password" time="0.249"/>
  <testcase name="classMethod" classname="Login with invalid phone number and/or password" time="33.009"/>
  <testcase name="User is on app login page" classname="Login with invalid phone number and/or password" time="11.402"/>
  <testcase name="User input &quot;.-,_,._,-&quot; in phone number field" classname="Login with invalid phone number and/or password" time="0.588"/>
  <testcase name="User input &quot;PASS!@#$&quot; in password text field" classname="Login with invalid phone number and/or password" time="0.59"/>
  <testcase name="User click login button" classname="Login with invalid phone number and/or password" time="0.523"/>
  <testcase name="User is not on Home Page" classname="Login with invalid phone number and/or password" time="0.576"/>
  <testcase name="User see &quot;Wrong Phone/Pass Format&quot; as the error message on login page" classname="Login with invalid phone number and/or password" time="0.101"/>
  <testcase name="classMethod" classname="Login with invalid phone number and/or password" time="25.182"/>
  <testcase name="User is on app login page" classname="Login with invalid phone number and/or password" time="13.193"/>
  <testcase name="User input &quot;.-,_,._,-&quot; in phone number field" classname="Login with invalid phone number and/or password" time="0.635"/>
  <testcase name="User input &quot;!@#$1234&quot; in password text field" classname="Login with invalid phone number and/or password" time="0.546"/>
  <testcase name="User click login button" classname="Login with invalid phone number and/or password" time="0.52"/>
  <testcase name="User is not on Home Page" classname="Login with invalid phone number and/or password" time="0.547"/>
  <testcase name="User see &quot;Wrong Phone/Pass Format&quot; as the error message on login page" classname="Login with invalid phone number and/or password" time="0.128"/>
  <testcase name="classMethod" classname="Login with invalid phone number and/or password" time="33.591"/>
  <testcase name="User is on app login page" classname="Login with invalid phone number and/or password" time="13.129"/>
  <testcase name="User input &quot;.-,_,._,-&quot; in phone number field" classname="Login with invalid phone number and/or password" time="0.586"/>
  <testcase name="User input &quot;!@#$%^&amp;*&quot; in password text field" classname="Login with invalid phone number and/or password" time="0.534"/>
  <testcase name="User click login button" classname="Login with invalid phone number and/or password" time="0.527"/>
  <testcase name="User is not on Home Page" classname="Login with invalid phone number and/or password" time="0.566"/>
  <testcase name="User see &quot;Wrong Phone/Pass Format&quot; as the error message on login page" classname="Login with invalid phone number and/or password" time="0.098"/>
  <testcase name="classMethod" classname="Login with invalid phone number and/or password" time="32.986"/>
  <testcase name="User is on app login page" classname="Login with invalid phone number and/or password" time="13.191"/>
  <testcase name="User input &quot;.-,_,._,-&quot; in phone number field" classname="Login with invalid phone number and/or password" time="0.575"/>
  <testcase name="User input &quot;12345678&quot; in password text field" classname="Login with invalid phone number and/or password" time="0.547"/>
  <testcase name="User click login button" classname="Login with invalid phone number and/or password" time="0.523"/>
  <testcase name="User is not on Home Page" classname="Login with invalid phone number and/or password" time="0.553"/>
  <testcase name="User see &quot;Wrong Phone/Pass Format&quot; as the error message on login page" classname="Login with invalid phone number and/or password" time="0.095"/>
  <testcase name="classMethod" classname="Login with invalid phone number and/or password" time="27.788"/>
  <testcase name="User is on app login page" classname="Login with invalid phone number and/or password" time="9.852"/>
  <testcase name="User input &quot;.-,_,._,-&quot; in phone number field" classname="Login with invalid phone number and/or password" time="0.59"/>
  <testcase name="User input &quot;PASSWORD&quot; in password text field" classname="Login with invalid phone number and/or password" time="0.55"/>
  <testcase name="User click login button" classname="Login with invalid phone number and/or password" time="0.526"/>
  <testcase name="User is not on Home Page" classname="Login with invalid phone number and/or password" time="0.517"/>
  <testcase name="User see &quot;Wrong Phone/Pass Format&quot; as the error message on login page" classname="Login with invalid phone number and/or password" time="0.108"/>
  <testcase name="classMethod" classname="Login with invalid phone number and/or password" time="23.524"/>
  <testcase name="User is on app login page" classname="Login with invalid phone number and/or password" time="3.711"/>
  <testcase name="User input &quot;.-,_,._,-&quot; in phone number field" classname="Login with invalid phone number and/or password" time="0.636"/>
  <testcase name="User input &quot;password&quot; in password text field" classname="Login with invalid phone number and/or password" time="0.547"/>
  <testcase name="User click login button" classname="Login with invalid phone number and/or password" time="0.55"/>
  <testcase name="User is not on Home Page" classname="Login with invalid phone number and/or password" time="0.549"/>
  <testcase name="User see &quot;Wrong Phone/Pass Format&quot; as the error message on login page" classname="Login with invalid phone number and/or password" time="0.15"/>
  <testcase name="classMethod" classname="Login with invalid phone number and/or password" time="24.309"/>
  <testcase name="User is on app login page" classname="Login with invalid phone number and/or password" time="13.216"/>
  <testcase name="User input &quot;-8,11451.987_&quot; in phone number field" classname="Login with invalid phone number and/or password" time="0.637"/>
  <testcase name="User input &quot;&quot; in password text field" classname="Login with invalid phone number and/or password" time="0.546"/>
  <testcase name="User click login button" classname="Login with invalid phone number and/or password" time="0.55"/>
  <testcase name="User is not on Home Page" classname="Login with invalid phone number and/or password" time="0.55"/>
  <testcase name="User see &quot;Wrong Phone/Pass Format&quot; as the error message on login page" classname="Login with invalid phone number and/or password" time="0.104"/>
  <testcase name="classMethod" classname="Login with invalid phone number and/or password" time="25.264"/>
  <testcase name="User is on app login page" classname="Login with invalid phone number and/or password" time="13.134"/>
  <testcase name="User input &quot;-8,11451.987_&quot; in phone number field" classname="Login with invalid phone number and/or password" time="0.615"/>
  <testcase name="User input &quot;Pass@12&quot; in password text field" classname="Login with invalid phone number and/or password" time="0.594"/>
  <testcase name="User click login button" classname="Login with invalid phone number and/or password" time="0.538"/>
  <testcase name="User is not on Home Page" classname="Login with invalid phone number and/or password" time="0.55"/>
  <testcase name="User see &quot;Wrong Phone/Pass Format&quot; as the error message on login page" classname="Login with invalid phone number and/or password" time="0.15"/>
  <testcase name="classMethod" classname="Login with invalid phone number and/or password" time="25.455"/>
  <testcase name="User is on app login page" classname="Login with invalid phone number and/or password" time="13.183"/>
  <testcase name="User input &quot;-8,11451.987_&quot; in phone number field" classname="Login with invalid phone number and/or password" time="0.604"/>
  <testcase name="User input &quot;LoginPassword@1234567&quot; in password text field" classname="Login with invalid phone number and/or password" time="0.608"/>
  <testcase name="User click login button" classname="Login with invalid phone number and/or password" time="0.535"/>
  <testcase name="User is not on Home Page" classname="Login with invalid phone number and/or password" time="0.55"/>
  <testcase name="User see &quot;Wrong Phone/Pass Format&quot; as the error message on login page" classname="Login with invalid phone number and/or password" time="0.116"/>
  <testcase name="classMethod" classname="Login with invalid phone number and/or password" time="27.044"/>
  <testcase name="User is on app login page" classname="Login with invalid phone number and/or password" time="4.949"/>
  <testcase name="User input &quot;-8,11451.987_&quot; in phone number field" classname="Login with invalid phone number and/or password" time="0.619"/>
  <testcase name="User input &quot;Pass @123&quot; in password text field" classname="Login with invalid phone number and/or password" time="0.577"/>
  <testcase name="User click login button" classname="Login with invalid phone number and/or password" time="0.551"/>
  <testcase name="User is not on Home Page" classname="Login with invalid phone number and/or password" time="0.599"/>
  <testcase name="User see &quot;Wrong Phone/Pass Format&quot; as the error message on login page" classname="Login with invalid phone number and/or password" time="0.248"/>
  <testcase name="classMethod" classname="Login with invalid phone number and/or password" time="25.449"/>
  <testcase name="User is on app login page" classname="Login with invalid phone number and/or password" time="6.699"/>
  <testcase name="User input &quot;-8,11451.987_&quot; in phone number field" classname="Login with invalid phone number and/or password" time="0.611"/>
  <testcase name="User input &quot;Pass1234&quot; in password text field" classname="Login with invalid phone number and/or password" time="0.584"/>
  <testcase name="User click login button" classname="Login with invalid phone number and/or password" time="0.55"/>
  <testcase name="User is not on Home Page" classname="Login with invalid phone number and/or password" time="0.52"/>
  <testcase name="User see &quot;Wrong Phone/Pass Format&quot; as the error message on login page" classname="Login with invalid phone number and/or password" time="0.131"/>
  <testcase name="classMethod" classname="Login with invalid phone number and/or password" time="22.739"/>
  <testcase name="User is on app login page" classname="Login with invalid phone number and/or password" time="3.699"/>
  <testcase name="User input &quot;-8,11451.987_&quot; in phone number field" classname="Login with invalid phone number and/or password" time="0.707"/>
  <testcase name="User input &quot;Pass!@#$&quot; in password text field" classname="Login with invalid phone number and/or password" time="0.491"/>
  <testcase name="User click login button" classname="Login with invalid phone number and/or password" time="0.551"/>
  <testcase name="User is not on Home Page" classname="Login with invalid phone number and/or password" time="0.55"/>
  <testcase name="User see &quot;Wrong Phone/Pass Format&quot; as the error message on login page" classname="Login with invalid phone number and/or password" time="0.147"/>
  <testcase name="classMethod" classname="Login with invalid phone number and/or password" time="24.119"/>
  <testcase name="User is on app login page" classname="Login with invalid phone number and/or password" time="3.849"/>
  <testcase name="User input &quot;-8,11451.987_&quot; in phone number field" classname="Login with invalid phone number and/or password" time="0.608"/>
  <testcase name="User input &quot;pass@123&quot; in password text field" classname="Login with invalid phone number and/or password" time="0.589"/>
  <testcase name="User click login button" classname="Login with invalid phone number and/or password" time="0.553"/>
  <testcase name="User is not on Home Page" classname="Login with invalid phone number and/or password" time="0.547"/>
  <testcase name="User see &quot;Wrong Phone/Pass Format&quot; as the error message on login page" classname="Login with invalid phone number and/or password" time="0.147"/>
  <testcase name="classMethod" classname="Login with invalid phone number and/or password" time="20.2"/>
  <testcase name="User is on app login page" classname="Login with invalid phone number and/or password" time="11.843"/>
  <testcase name="User input &quot;-8,11451.987_&quot; in phone number field" classname="Login with invalid phone number and/or password" time="0.651"/>
  <testcase name="User input &quot;PASS@123&quot; in password text field" classname="Login with invalid phone number and/or password" time="0.548"/>
  <testcase name="User click login button" classname="Login with invalid phone number and/or password" time="0.549"/>
  <testcase name="User is not on Home Page" classname="Login with invalid phone number and/or password" time="0.514"/>
  <testcase name="User see &quot;Wrong Phone/Pass Format&quot; as the error message on login page" classname="Login with invalid phone number and/or password" time="0.186"/>
  <testcase name="classMethod" classname="Login with invalid phone number and/or password" time="23.246"/>
  <testcase name="User is on app login page" classname="Login with invalid phone number and/or password" time="9.751"/>
  <testcase name="User input &quot;-8,11451.987_&quot; in phone number field" classname="Login with invalid phone number and/or password" time="0.608"/>
  <testcase name="User input &quot;PASSword&quot; in password text field" classname="Login with invalid phone number and/or password" time="0.589"/>
  <testcase name="User click login button" classname="Login with invalid phone number and/or password" time="0.55"/>
  <testcase name="User is not on Home Page" classname="Login with invalid phone number and/or password" time="0.55"/>
  <testcase name="User see &quot;Wrong Phone/Pass Format&quot; as the error message on login page" classname="Login with invalid phone number and/or password" time="0.148"/>
  <testcase name="classMethod" classname="Login with invalid phone number and/or password" time="24.449"/>
  <testcase name="User is on app login page" classname="Login with invalid phone number and/or password" time="11.937"/>
  <testcase name="User input &quot;-8,11451.987_&quot; in phone number field" classname="Login with invalid phone number and/or password" time="0.606"/>
  <testcase name="User input &quot;pass1234&quot; in password text field" classname="Login with invalid phone number and/or password" time="0.592"/>
  <testcase name="User click login button" classname="Login with invalid phone number and/or password" time="0.552"/>
  <testcase name="User is not on Home Page" classname="Login with invalid phone number and/or password" time="0.551"/>
  <testcase name="User see &quot;Wrong Phone/Pass Format&quot; as the error message on login page" classname="Login with invalid phone number and/or password" time="0.246"/>
  <testcase name="classMethod" classname="Login with invalid phone number and/or password" time="32.741"/>
  <testcase name="User is on app login page" classname="Login with invalid phone number and/or password" time="8.499"/>
  <testcase name="User input &quot;-8,11451.987_&quot; in phone number field" classname="Login with invalid phone number and/or password" time="0.61"/>
  <testcase name="User input &quot;PASS1234&quot; in password text field" classname="Login with invalid phone number and/or password" time="0.588"/>
  <testcase name="User click login button" classname="Login with invalid phone number and/or password" time="0.551"/>
  <testcase name="User is not on Home Page" classname="Login with invalid phone number and/or password" time="0.547"/>
  <testcase name="User see &quot;Wrong Phone/Pass Format&quot; as the error message on login page" classname="Login with invalid phone number and/or password" time="0.15"/>
  <testcase name="classMethod" classname="Login with invalid phone number and/or password" time="23.261"/>
  <testcase name="User is on app login page" classname="Login with invalid phone number and/or password" time="8.593"/>
  <testcase name="User input &quot;-8,11451.987_&quot; in phone number field" classname="Login with invalid phone number and/or password" time="0.656"/>
  <testcase name="User input &quot;pass!@#$&quot; in password text field" classname="Login with invalid phone number and/or password" time="0.544"/>
  <testcase name="User click login button" classname="Login with invalid phone number and/or password" time="0.55"/>
  <testcase name="User is not on Home Page" classname="Login with invalid phone number and/or password" time="0.6"/>
  <testcase name="User see &quot;Wrong Phone/Pass Format&quot; as the error message on login page" classname="Login with invalid phone number and/or password" time="0.153"/>
  <testcase name="classMethod" classname="Login with invalid phone number and/or password" time="29.688"/>
  <testcase name="User is on app login page" classname="Login with invalid phone number and/or password" time="5.951"/>
  <testcase name="User input &quot;-8,11451.987_&quot; in phone number field" classname="Login with invalid phone number and/or password" time="0.609"/>
  <testcase name="User input &quot;PASS!@#$&quot; in password text field" classname="Login with invalid phone number and/or password" time="0.589"/>
  <testcase name="User click login button" classname="Login with invalid phone number and/or password" time="0.55"/>
  <testcase name="User is not on Home Page" classname="Login with invalid phone number and/or password" time="0.55"/>
  <testcase name="User see &quot;Wrong Phone/Pass Format&quot; as the error message on login page" classname="Login with invalid phone number and/or password" time="0.15"/>
  <testcase name="classMethod" classname="Login with invalid phone number and/or password" time="23.813"/>
  <testcase name="User is on app login page" classname="Login with invalid phone number and/or password" time="4.496"/>
  <testcase name="User input &quot;-8,11451.987_&quot; in phone number field" classname="Login with invalid phone number and/or password" time="0.607"/>
  <testcase name="User input &quot;!@#$1234&quot; in password text field" classname="Login with invalid phone number and/or password" time="0.641"/>
  <testcase name="User click login button" classname="Login with invalid phone number and/or password" time="0.551"/>
  <testcase name="User is not on Home Page" classname="Login with invalid phone number and/or password" time="0.548"/>
  <testcase name="User see &quot;Wrong Phone/Pass Format&quot; as the error message on login page" classname="Login with invalid phone number and/or password" time="0.201"/>
  <testcase name="classMethod" classname="Login with invalid phone number and/or password" time="16.39"/>
  <testcase name="User is on app login page" classname="Login with invalid phone number and/or password" time="5.702"/>
  <testcase name="User input &quot;-8,11451.987_&quot; in phone number field" classname="Login with invalid phone number and/or password" time="0.637"/>
  <testcase name="User input &quot;!@#$%^&amp;*&quot; in password text field" classname="Login with invalid phone number and/or password" time="0.598"/>
  <testcase name="User click login button" classname="Login with invalid phone number and/or password" time="0.602"/>
  <testcase name="User is not on Home Page" classname="Login with invalid phone number and/or password" time="0.548"/>
  <testcase name="User see &quot;Wrong Phone/Pass Format&quot; as the error message on login page" classname="Login with invalid phone number and/or password" time="0.151"/>
  <testcase name="classMethod" classname="Login with invalid phone number and/or password" time="17.859"/>
  <testcase name="User is on app login page" classname="Login with invalid phone number and/or password" time="5.892"/>
  <testcase name="User input &quot;-8,11451.987_&quot; in phone number field" classname="Login with invalid phone number and/or password" time="0.601"/>
  <testcase name="User input &quot;12345678&quot; in password text field" classname="Login with invalid phone number and/or password" time="0.548"/>
  <testcase name="User click login button" classname="Login with invalid phone number and/or password" time="0.55"/>
  <testcase name="User is not on Home Page" classname="Login with invalid phone number and/or password" time="0.55"/>
  <testcase name="User see &quot;Wrong Phone/Pass Format&quot; as the error message on login page" classname="Login with invalid phone number and/or password" time="0.099"/>
  <testcase name="classMethod" classname="Login with invalid phone number and/or password" time="18.447"/>
  <testcase name="User is on app login page" classname="Login with invalid phone number and/or password" time="3.693"/>
  <testcase name="User input &quot;-8,11451.987_&quot; in phone number field" classname="Login with invalid phone number and/or password" time="0.649"/>
  <testcase name="User input &quot;PASSWORD&quot; in password text field" classname="Login with invalid phone number and/or password" time="0.599"/>
  <testcase name="User click login button" classname="Login with invalid phone number and/or password" time="0.55"/>
  <testcase name="User is not on Home Page" classname="Login with invalid phone number and/or password" time="0.599"/>
  <testcase name="User see &quot;Wrong Phone/Pass Format&quot; as the error message on login page" classname="Login with invalid phone number and/or password" time="0.15"/>
  <testcase name="classMethod" classname="Login with invalid phone number and/or password" time="15.551"/>
  <testcase name="User is on app login page" classname="Login with invalid phone number and/or password" time="3.7"/>
  <testcase name="User input &quot;-8,11451.987_&quot; in phone number field" classname="Login with invalid phone number and/or password" time="0.649"/>
  <testcase name="User input &quot;password&quot; in password text field" classname="Login with invalid phone number and/or password" time="0.548"/>
  <testcase name="User click login button" classname="Login with invalid phone number and/or password" time="0.552"/>
  <testcase name="User is not on Home Page" classname="Login with invalid phone number and/or password" time="0.546"/>
  <testcase name="User see &quot;Wrong Phone/Pass Format&quot; as the error message on login page" classname="Login with invalid phone number and/or password" time="0.151"/>
  <testcase name="classMethod" classname="Login with invalid phone number and/or password" time="23.748"/>
  <testcase name="User is on app login page" classname="Login with invalid phone number and/or password" time="3.701"/>
  <testcase name="User input &quot;81212345678&quot; in phone number field" classname="Login with invalid phone number and/or password" time="0.6"/>
  <testcase name="User input &quot;&quot; in password text field" classname="Login with invalid phone number and/or password" time="0.601"/>
  <testcase name="User click login button" classname="Login with invalid phone number and/or password" time="0.549"/>
  <testcase name="User is not on Home Page" classname="Login with invalid phone number and/or password" time="0.548"/>
  <testcase name="User see &quot;Wrong Phone/Pass Format&quot; as the error message on login page" classname="Login with invalid phone number and/or password" time="0.101"/>
  <testcase name="classMethod" classname="Login with invalid phone number and/or password" time="24.001"/>
  <testcase name="User is on app login page" classname="Login with invalid phone number and/or password" time="6.594"/>
  <testcase name="User input &quot;81212345678&quot; in phone number field" classname="Login with invalid phone number and/or password" time="0.648"/>
  <testcase name="User input &quot;Pass@12&quot; in password text field" classname="Login with invalid phone number and/or password" time="0.549"/>
  <testcase name="User click login button" classname="Login with invalid phone number and/or password" time="0.55"/>
  <testcase name="User is not on Home Page" classname="Login with invalid phone number and/or password" time="0.551"/>
  <testcase name="User see &quot;Wrong Phone/Pass Format&quot; as the error message on login page" classname="Login with invalid phone number and/or password" time="0.148"/>
  <testcase name="classMethod" classname="Login with invalid phone number and/or password" time="22.052"/>
  <testcase name="User is on app login page" classname="Login with invalid phone number and/or password" time="4.646"/>
  <testcase name="User input &quot;81212345678&quot; in phone number field" classname="Login with invalid phone number and/or password" time="0.609"/>
  <testcase name="User input &quot;LoginPassword@1234567&quot; in password text field" classname="Login with invalid phone number and/or password" time="0.587"/>
  <testcase name="User click login button" classname="Login with invalid phone number and/or password" time="0.55"/>
  <testcase name="User is not on Home Page" classname="Login with invalid phone number and/or password" time="0.55"/>
  <testcase name="User see &quot;Wrong Phone/Pass Format&quot; as the error message on login page" classname="Login with invalid phone number and/or password" time="0.149"/>
  <testcase name="classMethod" classname="Login with invalid phone number and/or password" time="17.846"/>
  <testcase name="User is on app login page" classname="Login with invalid phone number and/or password" time="13.188"/>
  <testcase name="User input &quot;81212345678&quot; in phone number field" classname="Login with invalid phone number and/or password" time="0.661"/>
  <testcase name="User input &quot;Pass @123&quot; in password text field" classname="Login with invalid phone number and/or password" time="1.087"/>
  <testcase name="User click login button" classname="Login with invalid phone number and/or password" time="0.55"/>
  <testcase name="User is not on Home Page" classname="Login with invalid phone number and/or password" time="0.501"/>
  <testcase name="User see &quot;Wrong Phone/Pass Format&quot; as the error message on login page" classname="Login with invalid phone number and/or password" time="0.147"/>
  <testcase name="classMethod" classname="Login with invalid phone number and/or password" time="33.891"/>
  <testcase name="User is on app login page" classname="Login with invalid phone number and/or password" time="8.995"/>
  <testcase name="User input &quot;81212345678&quot; in phone number field" classname="Login with invalid phone number and/or password" time="1.061"/>
  <testcase name="User input &quot;Pass1234&quot; in password text field" classname="Login with invalid phone number and/or password" time="0.587"/>
  <testcase name="User click login button" classname="Login with invalid phone number and/or password" time="0.55"/>
  <testcase name="User is not on Home Page" classname="Login with invalid phone number and/or password" time="0.549"/>
  <testcase name="User see &quot;Wrong Phone/Pass Format&quot; as the error message on login page" classname="Login with invalid phone number and/or password" time="0.099"/>
  <testcase name="classMethod" classname="Login with invalid phone number and/or password" time="21.107"/>
  <testcase name="User is on app login page" classname="Login with invalid phone number and/or password" time="3.785"/>
  <testcase name="User input &quot;81212345678&quot; in phone number field" classname="Login with invalid phone number and/or password" time="0.65"/>
  <testcase name="User input &quot;Pass!@#$&quot; in password text field" classname="Login with invalid phone number and/or password" time="0.549"/>
  <testcase name="User click login button" classname="Login with invalid phone number and/or password" time="0.549"/>
  <testcase name="User is not on Home Page" classname="Login with invalid phone number and/or password" time="0.551"/>
  <testcase name="User see &quot;Wrong Phone/Pass Format&quot; as the error message on login page" classname="Login with invalid phone number and/or password" time="0.148"/>
  <testcase name="classMethod" classname="Login with invalid phone number and/or password" time="17.098"/>
  <testcase name="User is on app login page" classname="Login with invalid phone number and/or password" time="3.7"/>
  <testcase name="User input &quot;81212345678&quot; in phone number field" classname="Login with invalid phone number and/or password" time="0.659"/>
  <testcase name="User input &quot;pass@123&quot; in password text field" classname="Login with invalid phone number and/or password" time="0.591"/>
  <testcase name="User click login button" classname="Login with invalid phone number and/or password" time="0.548"/>
  <testcase name="User is not on Home Page" classname="Login with invalid phone number and/or password" time="0.55"/>
  <testcase name="User see &quot;Wrong Phone/Pass Format&quot; as the error message on login page" classname="Login with invalid phone number and/or password" time="0.149"/>
  <testcase name="classMethod" classname="Login with invalid phone number and/or password" time="24.057"/>
  <testcase name="User is on app login page" classname="Login with invalid phone number and/or password" time="12.194"/>
  <testcase name="User input &quot;81212345678&quot; in phone number field" classname="Login with invalid phone number and/or password" time="0.748"/>
  <testcase name="User input &quot;PASS@123&quot; in password text field" classname="Login with invalid phone number and/or password" time="0.6"/>
  <testcase name="User click login button" classname="Login with invalid phone number and/or password" time="0.55"/>
  <testcase name="User is not on Home Page" classname="Login with invalid phone number and/or password" time="0.6"/>
  <testcase name="User see &quot;Wrong Phone/Pass Format&quot; as the error message on login page" classname="Login with invalid phone number and/or password" time="0.149"/>
  <testcase name="classMethod" classname="Login with invalid phone number and/or password" time="28.047"/>
  <testcase name="User is on app login page" classname="Login with invalid phone number and/or password" time="12.987"/>
  <testcase name="User input &quot;81212345678&quot; in phone number field" classname="Login with invalid phone number and/or password" time="0.66"/>
  <testcase name="User input &quot;PASSword&quot; in password text field" classname="Login with invalid phone number and/or password" time="0.589"/>
  <testcase name="User click login button" classname="Login with invalid phone number and/or password" time="0.549"/>
  <testcase name="User is not on Home Page" classname="Login with invalid phone number and/or password" time="0.548"/>
  <testcase name="User see &quot;Wrong Phone/Pass Format&quot; as the error message on login page" classname="Login with invalid phone number and/or password" time="0.107"/>
  <testcase name="classMethod" classname="Login with invalid phone number and/or password" time="28.138"/>
  <testcase name="User is on app login page" classname="Login with invalid phone number and/or password" time="3.75"/>
  <testcase name="User input &quot;81212345678&quot; in phone number field" classname="Login with invalid phone number and/or password" time="0.649"/>
  <testcase name="User input &quot;pass1234&quot; in password text field" classname="Login with invalid phone number and/or password" time="0.548"/>
  <testcase name="User click login button" classname="Login with invalid phone number and/or password" time="0.521"/>
  <testcase name="User is not on Home Page" classname="Login with invalid phone number and/or password" time="0.579"/>
  <testcase name="User see &quot;Wrong Phone/Pass Format&quot; as the error message on login page" classname="Login with invalid phone number and/or password" time="0.101"/>
  <testcase name="classMethod" classname="Login with invalid phone number and/or password" time="23.653"/>
  <testcase name="User is on app login page" classname="Login with invalid phone number and/or password" time="6.51"/>
  <testcase name="User input &quot;81212345678&quot; in phone number field" classname="Login with invalid phone number and/or password" time="0.634"/>
  <testcase name="User input &quot;PASS1234&quot; in password text field" classname="Login with invalid phone number and/or password" time="0.55"/>
  <testcase name="User click login button" classname="Login with invalid phone number and/or password" time="0.518"/>
  <testcase name="User is not on Home Page" classname="Login with invalid phone number and/or password" time="0.58"/>
  <testcase name="User see &quot;Wrong Phone/Pass Format&quot; as the error message on login page" classname="Login with invalid phone number and/or password" time="0.1"/>
  <testcase name="classMethod" classname="Login with invalid phone number and/or password" time="25.495"/>
  <testcase name="User is on app login page" classname="Login with invalid phone number and/or password" time="13.498"/>
  <testcase name="User input &quot;81212345678&quot; in phone number field" classname="Login with invalid phone number and/or password" time="0.592"/>
  <testcase name="User input &quot;pass!@#$&quot; in password text field" classname="Login with invalid phone number and/or password" time="0.555"/>
  <testcase name="User click login button" classname="Login with invalid phone number and/or password" time="0.538"/>
  <testcase name="User is not on Home Page" classname="Login with invalid phone number and/or password" time="0.565"/>
  <testcase name="User see &quot;Wrong Phone/Pass Format&quot; as the error message on login page" classname="Login with invalid phone number and/or password" time="0.126"/>
  <testcase name="classMethod" classname="Login with invalid phone number and/or password" time="33.546"/>
  <testcase name="User is on app login page" classname="Login with invalid phone number and/or password" time="5.981"/>
  <testcase name="User input &quot;81212345678&quot; in phone number field" classname="Login with invalid phone number and/or password" time="0.605"/>
  <testcase name="User input &quot;PASS!@#$&quot; in password text field" classname="Login with invalid phone number and/or password" time="0.544"/>
  <testcase name="User click login button" classname="Login with invalid phone number and/or password" time="0.536"/>
  <testcase name="User is not on Home Page" classname="Login with invalid phone number and/or password" time="0.547"/>
  <testcase name="User see &quot;Wrong Phone/Pass Format&quot; as the error message on login page" classname="Login with invalid phone number and/or password" time="0.107"/>
  <testcase name="classMethod" classname="Login with invalid phone number and/or password" time="25.443"/>
  <testcase name="User is on app login page" classname="Login with invalid phone number and/or password" time="4.7"/>
  <testcase name="User input &quot;81212345678&quot; in phone number field" classname="Login with invalid phone number and/or password" time="0.581"/>
  <testcase name="User input &quot;!@#$1234&quot; in password text field" classname="Login with invalid phone number and/or password" time="0.55"/>
  <testcase name="User click login button" classname="Login with invalid phone number and/or password" time="0.518"/>
  <testcase name="User is not on Home Page" classname="Login with invalid phone number and/or password" time="0.589"/>
  <testcase name="User see &quot;Wrong Phone/Pass Format&quot; as the error message on login page" classname="Login with invalid phone number and/or password" time="0.148"/>
  <testcase name="classMethod" classname="Login with invalid phone number and/or password" time="23.719"/>
  <testcase name="User is on app login page" classname="Login with invalid phone number and/or password" time="13.097"/>
  <testcase name="User input &quot;81212345678&quot; in phone number field" classname="Login with invalid phone number and/or password" time="0.702"/>
  <testcase name="User input &quot;!@#$%^&amp;*&quot; in password text field" classname="Login with invalid phone number and/or password" time="0.546"/>
  <testcase name="User click login button" classname="Login with invalid phone number and/or password" time="0.55"/>
  <testcase name="User is not on Home Page" classname="Login with invalid phone number and/or password" time="0.55"/>
  <testcase name="User see &quot;Wrong Phone/Pass Format&quot; as the error message on login page" classname="Login with invalid phone number and/or password" time="0.298"/>
  <testcase name="classMethod" classname="Login with invalid phone number and/or password" time="25.143"/>
  <testcase name="User is on app login page" classname="Login with invalid phone number and/or password" time="3.699"/>
  <testcase name="User input &quot;81212345678&quot; in phone number field" classname="Login with invalid phone number and/or password" time="0.652"/>
  <testcase name="User input &quot;12345678&quot; in password text field" classname="Login with invalid phone number and/or password" time="0.547"/>
  <testcase name="User click login button" classname="Login with invalid phone number and/or password" time="0.548"/>
  <testcase name="User is not on Home Page" classname="Login with invalid phone number and/or password" time="0.5"/>
  <testcase name="User see &quot;Wrong Phone/Pass Format&quot; as the error message on login page" classname="Login with invalid phone number and/or password" time="0.152"/>
  <testcase name="classMethod" classname="Login with invalid phone number and/or password" time="17.01"/>
  <testcase name="User is on app login page" classname="Login with invalid phone number and/or password" time="5.252"/>
  <testcase name="User input &quot;81212345678&quot; in phone number field" classname="Login with invalid phone number and/or password" time="0.648"/>
  <testcase name="User input &quot;PASSWORD&quot; in password text field" classname="Login with invalid phone number and/or password" time="0.551"/>
  <testcase name="User click login button" classname="Login with invalid phone number and/or password" time="0.549"/>
  <testcase name="User is not on Home Page" classname="Login with invalid phone number and/or password" time="0.7"/>
  <testcase name="User see &quot;Wrong Phone/Pass Format&quot; as the error message on login page" classname="Login with invalid phone number and/or password" time="0.099"/>
  <testcase name="classMethod" classname="Login with invalid phone number and/or password" time="26.404"/>
  <testcase name="User is on app login page" classname="Login with invalid phone number and/or password" time="8.263"/>
  <testcase name="User input &quot;81212345678&quot; in phone number field" classname="Login with invalid phone number and/or password" time="0.646"/>
  <testcase name="User input &quot;password&quot; in password text field" classname="Login with invalid phone number and/or password" time="0.591"/>
  <testcase name="User click login button" classname="Login with invalid phone number and/or password" time="0.549"/>
  <testcase name="User is not on Home Page" classname="Login with invalid phone number and/or password" time="0.549"/>
  <testcase name="User see &quot;Wrong Phone/Pass Format&quot; as the error message on login page" classname="Login with invalid phone number and/or password" time="0.15"/>
  <testcase name="classMethod" classname="Login with invalid phone number and/or password" time="28.696"/>
  <system-out><![CDATA[
@Android @Login @Invalid
Scenario Outline: Login with invalid phone number and/or password           ?[90m# src/test/resources/features/Login/Login.feature:32?[0m

@Android @Login @Invalid
Scenario Outline: Login with invalid phone number and/or password           ?[90m# src/test/resources/features/Login/Login.feature:33?[0m

@Android @Login @Invalid
Scenario Outline: Login with invalid phone number and/or password           ?[90m# src/test/resources/features/Login/Login.feature:34?[0m

@Android @Login @Invalid
Scenario Outline: Login with invalid phone number and/or password           ?[90m# src/test/resources/features/Login/Login.feature:35?[0m

@Android @Login @Invalid
Scenario Outline: Login with invalid phone number and/or password           ?[90m# src/test/resources/features/Login/Login.feature:36?[0m

@Android @Login @Invalid
Scenario Outline: Login with invalid phone number and/or password           ?[90m# src/test/resources/features/Login/Login.feature:37?[0m

@Android @Login @Invalid
Scenario Outline: Login with invalid phone number and/or password           ?[90m# src/test/resources/features/Login/Login.feature:38?[0m

@Android @Login @Invalid
Scenario Outline: Login with invalid phone number and/or password           ?[90m# src/test/resources/features/Login/Login.feature:39?[0m

@Android @Login @Invalid
Scenario Outline: Login with invalid phone number and/or password           ?[90m# src/test/resources/features/Login/Login.feature:40?[0m

@Android @Login @Invalid
Scenario Outline: Login with invalid phone number and/or password           ?[90m# src/test/resources/features/Login/Login.feature:41?[0m

@Android @Login @Invalid
Scenario Outline: Login with invalid phone number and/or password           ?[90m# src/test/resources/features/Login/Login.feature:42?[0m

@Android @Login @Invalid
Scenario Outline: Login with invalid phone number and/or password           ?[90m# src/test/resources/features/Login/Login.feature:43?[0m

@Android @Login @Invalid
Scenario Outline: Login with invalid phone number and/or password           ?[90m# src/test/resources/features/Login/Login.feature:44?[0m

@Android @Login @Invalid
Scenario Outline: Login with invalid phone number and/or password           ?[90m# src/test/resources/features/Login/Login.feature:45?[0m

@Android @Login @Invalid
Scenario Outline: Login with invalid phone number and/or password           ?[90m# src/test/resources/features/Login/Login.feature:46?[0m

@Android @Login @Invalid
Scenario Outline: Login with invalid phone number and/or password           ?[90m# src/test/resources/features/Login/Login.feature:47?[0m

@Android @Login @Invalid
Scenario Outline: Login with invalid phone number and/or password           ?[90m# src/test/resources/features/Login/Login.feature:48?[0m

@Android @Login @Invalid
Scenario Outline: Login with invalid phone number and/or password           ?[90m# src/test/resources/features/Login/Login.feature:49?[0m

@Android @Login @Invalid
Scenario Outline: Login with invalid phone number and/or password           ?[90m# src/test/resources/features/Login/Login.feature:50?[0m

@Android @Login @Invalid
Scenario Outline: Login with invalid phone number and/or password           ?[90m# src/test/resources/features/Login/Login.feature:51?[0m

@Android @Login @Invalid
Scenario Outline: Login with invalid phone number and/or password           ?[90m# src/test/resources/features/Login/Login.feature:52?[0m

@Android @Login @Invalid
Scenario Outline: Login with invalid phone number and/or password           ?[90m# src/test/resources/features/Login/Login.feature:53?[0m

@Android @Login @Invalid
Scenario Outline: Login with invalid phone number and/or password           ?[90m# src/test/resources/features/Login/Login.feature:54?[0m

@Android @Login @Invalid
Scenario Outline: Login with invalid phone number and/or password           ?[90m# src/test/resources/features/Login/Login.feature:55?[0m

@Android @Login @Invalid
Scenario Outline: Login with invalid phone number and/or password           ?[90m# src/test/resources/features/Login/Login.feature:56?[0m

@Android @Login @Invalid
Scenario Outline: Login with invalid phone number and/or password           ?[90m# src/test/resources/features/Login/Login.feature:57?[0m

@Android @Login @Invalid
Scenario Outline: Login with invalid phone number and/or password           ?[90m# src/test/resources/features/Login/Login.feature:58?[0m

@Android @Login @Invalid
Scenario Outline: Login with invalid phone number and/or password           ?[90m# src/test/resources/features/Login/Login.feature:59?[0m

@Android @Login @Invalid
Scenario Outline: Login with invalid phone number and/or password           ?[90m# src/test/resources/features/Login/Login.feature:60?[0m

@Android @Login @Invalid
Scenario Outline: Login with invalid phone number and/or password           ?[90m# src/test/resources/features/Login/Login.feature:61?[0m

@Android @Login @Invalid
Scenario Outline: Login with invalid phone number and/or password           ?[90m# src/test/resources/features/Login/Login.feature:62?[0m

@Android @Login @Invalid
Scenario Outline: Login with invalid phone number and/or password           ?[90m# src/test/resources/features/Login/Login.feature:63?[0m

@Android @Login @Invalid
Scenario Outline: Login with invalid phone number and/or password           ?[90m# src/test/resources/features/Login/Login.feature:64?[0m

@Android @Login @Invalid
Scenario Outline: Login with invalid phone number and/or password           ?[90m# src/test/resources/features/Login/Login.feature:65?[0m

@Android @Login @Invalid
Scenario Outline: Login with invalid phone number and/or password           ?[90m# src/test/resources/features/Login/Login.feature:66?[0m

@Android @Login @Invalid
Scenario Outline: Login with invalid phone number and/or password           ?[90m# src/test/resources/features/Login/Login.feature:67?[0m

@Android @Login @Invalid
Scenario Outline: Login with invalid phone number and/or password           ?[90m# src/test/resources/features/Login/Login.feature:68?[0m

@Android @Login @Invalid
Scenario Outline: Login with invalid phone number and/or password           ?[90m# src/test/resources/features/Login/Login.feature:69?[0m

@Android @Login @Invalid
Scenario Outline: Login with invalid phone number and/or password           ?[90m# src/test/resources/features/Login/Login.feature:70?[0m

@Android @Login @Invalid
Scenario Outline: Login with invalid phone number and/or password           ?[90m# src/test/resources/features/Login/Login.feature:71?[0m

@Android @Login @Invalid
Scenario Outline: Login with invalid phone number and/or password           ?[90m# src/test/resources/features/Login/Login.feature:72?[0m

@Android @Login @Invalid
Scenario Outline: Login with invalid phone number and/or password           ?[90m# src/test/resources/features/Login/Login.feature:73?[0m

@Android @Login @Invalid
Scenario Outline: Login with invalid phone number and/or password           ?[90m# src/test/resources/features/Login/Login.feature:74?[0m

@Android @Login @Invalid
Scenario Outline: Login with invalid phone number and/or password           ?[90m# src/test/resources/features/Login/Login.feature:75?[0m

@Android @Login @Invalid
Scenario Outline: Login with invalid phone number and/or password           ?[90m# src/test/resources/features/Login/Login.feature:76?[0m

@Android @Login @Invalid
Scenario Outline: Login with invalid phone number and/or password           ?[90m# src/test/resources/features/Login/Login.feature:77?[0m

@Android @Login @Invalid
Scenario Outline: Login with invalid phone number and/or password           ?[90m# src/test/resources/features/Login/Login.feature:78?[0m

@Android @Login @Invalid
Scenario Outline: Login with invalid phone number and/or password           ?[90m# src/test/resources/features/Login/Login.feature:79?[0m

@Android @Login @Invalid
Scenario Outline: Login with invalid phone number and/or password           ?[90m# src/test/resources/features/Login/Login.feature:80?[0m

@Android @Login @Invalid
Scenario Outline: Login with invalid phone number and/or password           ?[90m# src/test/resources/features/Login/Login.feature:81?[0m

@Android @Login @Invalid
Scenario Outline: Login with invalid phone number and/or password           ?[90m# src/test/resources/features/Login/Login.feature:82?[0m

@Android @Login @Invalid
Scenario Outline: Login with invalid phone number and/or password           ?[90m# src/test/resources/features/Login/Login.feature:83?[0m

@Android @Login @Invalid
Scenario Outline: Login with invalid phone number and/or password           ?[90m# src/test/resources/features/Login/Login.feature:84?[0m

@Android @Login @Invalid
Scenario Outline: Login with invalid phone number and/or password           ?[90m# src/test/resources/features/Login/Login.feature:85?[0m

@Android @Login @Invalid
Scenario Outline: Login with invalid phone number and/or password           ?[90m# src/test/resources/features/Login/Login.feature:86?[0m

@Android @Login @Invalid
Scenario Outline: Login with invalid phone number and/or password           ?[90m# src/test/resources/features/Login/Login.feature:87?[0m

@Android @Login @Invalid
Scenario Outline: Login with invalid phone number and/or password           ?[90m# src/test/resources/features/Login/Login.feature:88?[0m

@Android @Login @Invalid
Scenario Outline: Login with invalid phone number and/or password           ?[90m# src/test/resources/features/Login/Login.feature:89?[0m

@Android @Login @Invalid
Scenario Outline: Login with invalid phone number and/or password           ?[90m# src/test/resources/features/Login/Login.feature:90?[0m

@Android @Login @Invalid
Scenario Outline: Login with invalid phone number and/or password           ?[90m# src/test/resources/features/Login/Login.feature:91?[0m

@Android @Login @Invalid
Scenario Outline: Login with invalid phone number and/or password           ?[90m# src/test/resources/features/Login/Login.feature:92?[0m

@Android @Login @Invalid
Scenario Outline: Login with invalid phone number and/or password           ?[90m# src/test/resources/features/Login/Login.feature:93?[0m

@Android @Login @Invalid
Scenario Outline: Login with invalid phone number and/or password           ?[90m# src/test/resources/features/Login/Login.feature:94?[0m

@Android @Login @Invalid
Scenario Outline: Login with invalid phone number and/or password           ?[90m# src/test/resources/features/Login/Login.feature:95?[0m

@Android @Login @Invalid
Scenario Outline: Login with invalid phone number and/or password           ?[90m# src/test/resources/features/Login/Login.feature:96?[0m

@Android @Login @Invalid
Scenario Outline: Login with invalid phone number and/or password           ?[90m# src/test/resources/features/Login/Login.feature:97?[0m

@Android @Login @Invalid
Scenario Outline: Login with invalid phone number and/or password           ?[90m# src/test/resources/features/Login/Login.feature:98?[0m

@Android @Login @Invalid
Scenario Outline: Login with invalid phone number and/or password           ?[90m# src/test/resources/features/Login/Login.feature:99?[0m

@Android @Login @Invalid
Scenario Outline: Login with invalid phone number and/or password           ?[90m# src/test/resources/features/Login/Login.feature:100?[0m

@Android @Login @Invalid
Scenario Outline: Login with invalid phone number and/or password           ?[90m# src/test/resources/features/Login/Login.feature:101?[0m

@Android @Login @Invalid
Scenario Outline: Login with invalid phone number and/or password           ?[90m# src/test/resources/features/Login/Login.feature:102?[0m

@Android @Login @Invalid
Scenario Outline: Login with invalid phone number and/or password           ?[90m# src/test/resources/features/Login/Login.feature:103?[0m

@Android @Login @Invalid
Scenario Outline: Login with invalid phone number and/or password           ?[90m# src/test/resources/features/Login/Login.feature:104?[0m

@Android @Login @Invalid
Scenario Outline: Login with invalid phone number and/or password           ?[90m# src/test/resources/features/Login/Login.feature:105?[0m

@Android @Login @Invalid
Scenario Outline: Login with invalid phone number and/or password           ?[90m# src/test/resources/features/Login/Login.feature:106?[0m

@Android @Login @Invalid
Scenario Outline: Login with invalid phone number and/or password           ?[90m# src/test/resources/features/Login/Login.feature:107?[0m

@Android @Login @Invalid
Scenario Outline: Login with invalid phone number and/or password           ?[90m# src/test/resources/features/Login/Login.feature:108?[0m

@Android @Login @Invalid
Scenario Outline: Login with invalid phone number and/or password           ?[90m# src/test/resources/features/Login/Login.feature:109?[0m

@Android @Login @Invalid
Scenario Outline: Login with invalid phone number and/or password           ?[90m# src/test/resources/features/Login/Login.feature:110?[0m

@Android @Login @Invalid
Scenario Outline: Login with invalid phone number and/or password           ?[90m# src/test/resources/features/Login/Login.feature:111?[0m

@Android @Login @Invalid
Scenario Outline: Login with invalid phone number and/or password           ?[90m# src/test/resources/features/Login/Login.feature:112?[0m

@Android @Login @Invalid
Scenario Outline: Login with invalid phone number and/or password           ?[90m# src/test/resources/features/Login/Login.feature:113?[0m

@Android @Login @Invalid
Scenario Outline: Login with invalid phone number and/or password           ?[90m# src/test/resources/features/Login/Login.feature:114?[0m

@Android @Login @Invalid
Scenario Outline: Login with invalid phone number and/or password           ?[90m# src/test/resources/features/Login/Login.feature:115?[0m

@Android @Login @Invalid
Scenario Outline: Login with invalid phone number and/or password           ?[90m# src/test/resources/features/Login/Login.feature:116?[0m

@Android @Login @Invalid
Scenario Outline: Login with invalid phone number and/or password           ?[90m# src/test/resources/features/Login/Login.feature:117?[0m

@Android @Login @Invalid
Scenario Outline: Login with invalid phone number and/or password           ?[90m# src/test/resources/features/Login/Login.feature:118?[0m

@Android @Login @Invalid
Scenario Outline: Login with invalid phone number and/or password           ?[90m# src/test/resources/features/Login/Login.feature:119?[0m

@Android @Login @Invalid
Scenario Outline: Login with invalid phone number and/or password           ?[90m# src/test/resources/features/Login/Login.feature:120?[0m

@Android @Login @Invalid
Scenario Outline: Login with invalid phone number and/or password           ?[90m# src/test/resources/features/Login/Login.feature:121?[0m

@Android @Login @Invalid
Scenario Outline: Login with invalid phone number and/or password           ?[90m# src/test/resources/features/Login/Login.feature:122?[0m

@Android @Login @Invalid
Scenario Outline: Login with invalid phone number and/or password           ?[90m# src/test/resources/features/Login/Login.feature:123?[0m

@Android @Login @Invalid
Scenario Outline: Login with invalid phone number and/or password           ?[90m# src/test/resources/features/Login/Login.feature:124?[0m

@Android @Login @Invalid
Scenario Outline: Login with invalid phone number and/or password           ?[90m# src/test/resources/features/Login/Login.feature:125?[0m

@Android @Login @Invalid
Scenario Outline: Login with invalid phone number and/or password           ?[90m# src/test/resources/features/Login/Login.feature:126?[0m

@Android @Login @Invalid
Scenario Outline: Login with invalid phone number and/or password           ?[90m# src/test/resources/features/Login/Login.feature:127?[0m

@Android @Login @Invalid
Scenario Outline: Login with invalid phone number and/or password           ?[90m# src/test/resources/features/Login/Login.feature:128?[0m

@Android @Login @Invalid
Scenario Outline: Login with invalid phone number and/or password           ?[90m# src/test/resources/features/Login/Login.feature:129?[0m

@Android @Login @Invalid
Scenario Outline: Login with invalid phone number and/or password           ?[90m# src/test/resources/features/Login/Login.feature:130?[0m

@Android @Login @Invalid
Scenario Outline: Login with invalid phone number and/or password           ?[90m# src/test/resources/features/Login/Login.feature:131?[0m

@Android @Login @Invalid
Scenario Outline: Login with invalid phone number and/or password           ?[90m# src/test/resources/features/Login/Login.feature:132?[0m

@Android @Login @Invalid
Scenario Outline: Login with invalid phone number and/or password           ?[90m# src/test/resources/features/Login/Login.feature:133?[0m

@Android @Login @Invalid
Scenario Outline: Login with invalid phone number and/or password           ?[90m# src/test/resources/features/Login/Login.feature:134?[0m

@Android @Login @Invalid
Scenario Outline: Login with invalid phone number and/or password           ?[90m# src/test/resources/features/Login/Login.feature:135?[0m

@Android @Login @Invalid
Scenario Outline: Login with invalid phone number and/or password           ?[90m# src/test/resources/features/Login/Login.feature:136?[0m

@Android @Login @Invalid
Scenario Outline: Login with invalid phone number and/or password           ?[90m# src/test/resources/features/Login/Login.feature:137?[0m

@Android @Login @Invalid
Scenario Outline: Login with invalid phone number and/or password           ?[90m# src/test/resources/features/Login/Login.feature:138?[0m

@Android @Login @Invalid
Scenario Outline: Login with invalid phone number and/or password           ?[90m# src/test/resources/features/Login/Login.feature:139?[0m

@Android @Login @Invalid
Scenario Outline: Login with invalid phone number and/or password           ?[90m# src/test/resources/features/Login/Login.feature:140?[0m

@Android @Login @Invalid
Scenario Outline: Login with invalid phone number and/or password           ?[90m# src/test/resources/features/Login/Login.feature:141?[0m

@Android @Login @Invalid
Scenario Outline: Login with invalid phone number and/or password           ?[90m# src/test/resources/features/Login/Login.feature:142?[0m

@Android @Login @Invalid
Scenario Outline: Login with invalid phone number and/or password           ?[90m# src/test/resources/features/Login/Login.feature:143?[0m

@Android @Login @Invalid
Scenario Outline: Login with invalid phone number and/or password           ?[90m# src/test/resources/features/Login/Login.feature:144?[0m

@Android @Login @Invalid
Scenario Outline: Login with invalid phone number and/or password           ?[90m# src/test/resources/features/Login/Login.feature:145?[0m

@Android @Login @Invalid
Scenario Outline: Login with invalid phone number and/or password           ?[90m# src/test/resources/features/Login/Login.feature:146?[0m

@Android @Login @Invalid
Scenario Outline: Login with invalid phone number and/or password           ?[90m# src/test/resources/features/Login/Login.feature:147?[0m

@Android @Login @Invalid
Scenario Outline: Login with invalid phone number and/or password           ?[90m# src/test/resources/features/Login/Login.feature:148?[0m

@Android @Login @Invalid
Scenario Outline: Login with invalid phone number and/or password           ?[90m# src/test/resources/features/Login/Login.feature:149?[0m

@Android @Login @Invalid
Scenario Outline: Login with invalid phone number and/or password           ?[90m# src/test/resources/features/Login/Login.feature:150?[0m

@Android @Login @Invalid
Scenario Outline: Login with invalid phone number and/or password           ?[90m# src/test/resources/features/Login/Login.feature:151?[0m

@Android @Login @Invalid
Scenario Outline: Login with invalid phone number and/or password           ?[90m# src/test/resources/features/Login/Login.feature:152?[0m

@Android @Login @Invalid
Scenario Outline: Login with invalid phone number and/or password           ?[90m# src/test/resources/features/Login/Login.feature:153?[0m

@Android @Login @Invalid
Scenario Outline: Login with invalid phone number and/or password           ?[90m# src/test/resources/features/Login/Login.feature:154?[0m

@Android @Login @Invalid
Scenario Outline: Login with invalid phone number and/or password           ?[90m# src/test/resources/features/Login/Login.feature:155?[0m

@Android @Login @Invalid
Scenario Outline: Login with invalid phone number and/or password           ?[90m# src/test/resources/features/Login/Login.feature:156?[0m

@Android @Login @Invalid
Scenario Outline: Login with invalid phone number and/or password           ?[90m# src/test/resources/features/Login/Login.feature:157?[0m

@Android @Login @Invalid
Scenario Outline: Login with invalid phone number and/or password           ?[90m# src/test/resources/features/Login/Login.feature:158?[0m

@Android @Login @Invalid
Scenario Outline: Login with invalid phone number and/or password           ?[90m# src/test/resources/features/Login/Login.feature:159?[0m

@Android @Login @Invalid
Scenario Outline: Login with invalid phone number and/or password           ?[90m# src/test/resources/features/Login/Login.feature:160?[0m

@Android @Login @Invalid
Scenario Outline: Login with invalid phone number and/or password           ?[90m# src/test/resources/features/Login/Login.feature:161?[0m

@Android @Login @Invalid
Scenario Outline: Login with invalid phone number and/or password           ?[90m# src/test/resources/features/Login/Login.feature:162?[0m

@Android @Login @Invalid
Scenario Outline: Login with invalid phone number and/or password           ?[90m# src/test/resources/features/Login/Login.feature:163?[0m

@Android @Login @Invalid
Scenario Outline: Login with invalid phone number and/or password           ?[90m# src/test/resources/features/Login/Login.feature:164?[0m

@Android @Login @Invalid
Scenario Outline: Login with invalid phone number and/or password           ?[90m# src/test/resources/features/Login/Login.feature:165?[0m

@Android @Login @Invalid
Scenario Outline: Login with invalid phone number and/or password           ?[90m# src/test/resources/features/Login/Login.feature:166?[0m

@Android @Login @Invalid
Scenario Outline: Login with invalid phone number and/or password           ?[90m# src/test/resources/features/Login/Login.feature:167?[0m

@Android @Login @Invalid
Scenario Outline: Login with invalid phone number and/or password           ?[90m# src/test/resources/features/Login/Login.feature:168?[0m

@Android @Login @Invalid
Scenario Outline: Login with invalid phone number and/or password           ?[90m# src/test/resources/features/Login/Login.feature:169?[0m

@Android @Login @Invalid
Scenario Outline: Login with invalid phone number and/or password           ?[90m# src/test/resources/features/Login/Login.feature:170?[0m

@Android @Login @Invalid
Scenario Outline: Login with invalid phone number and/or password           ?[90m# src/test/resources/features/Login/Login.feature:171?[0m

@Android @Login @Invalid
Scenario Outline: Login with invalid phone number and/or password           ?[90m# src/test/resources/features/Login/Login.feature:172?[0m

@Android @Login @Invalid
Scenario Outline: Login with invalid phone number and/or password           ?[90m# src/test/resources/features/Login/Login.feature:173?[0m

@Android @Login @Invalid
Scenario Outline: Login with invalid phone number and/or password           ?[90m# src/test/resources/features/Login/Login.feature:174?[0m

@Android @Login @Invalid
Scenario Outline: Login with invalid phone number and/or password           ?[90m# src/test/resources/features/Login/Login.feature:175?[0m

@Android @Login @Invalid
Scenario Outline: Login with invalid phone number and/or password           ?[90m# src/test/resources/features/Login/Login.feature:176?[0m

@Android @Login @Invalid
Scenario Outline: Login with invalid phone number and/or password           ?[90m# src/test/resources/features/Login/Login.feature:177?[0m

@Android @Login @Invalid
Scenario Outline: Login with invalid phone number and/or password           ?[90m# src/test/resources/features/Login/Login.feature:178?[0m

@Android @Login @Invalid
Scenario Outline: Login with invalid phone number and/or password           ?[90m# src/test/resources/features/Login/Login.feature:179?[0m

@Android @Login @Invalid
Scenario Outline: Login with invalid phone number and/or password           ?[90m# src/test/resources/features/Login/Login.feature:180?[0m

@Android @Login @Invalid
Scenario Outline: Login with invalid phone number and/or password           ?[90m# src/test/resources/features/Login/Login.feature:181?[0m

@Android @Login @Invalid
Scenario Outline: Login with invalid phone number and/or password           ?[90m# src/test/resources/features/Login/Login.feature:182?[0m

@Android @Login @Invalid
Scenario Outline: Login with invalid phone number and/or password           ?[90m# src/test/resources/features/Login/Login.feature:183?[0m

@Android @Login @Invalid
Scenario Outline: Login with invalid phone number and/or password           ?[90m# src/test/resources/features/Login/Login.feature:184?[0m

@Android @Login @Invalid
Scenario Outline: Login with invalid phone number and/or password           ?[90m# src/test/resources/features/Login/Login.feature:185?[0m

@Android @Login @Invalid
Scenario Outline: Login with invalid phone number and/or password           ?[90m# src/test/resources/features/Login/Login.feature:186?[0m

@Android @Login @Invalid
Scenario Outline: Login with invalid phone number and/or password           ?[90m# src/test/resources/features/Login/Login.feature:187?[0m

@Android @Login @Invalid
Scenario Outline: Login with invalid phone number and/or password           ?[90m# src/test/resources/features/Login/Login.feature:188?[0m

@Android @Login @Invalid
Scenario Outline: Login with invalid phone number and/or password           ?[90m# src/test/resources/features/Login/Login.feature:189?[0m

@Android @Login @Invalid
Scenario Outline: Login with invalid phone number and/or password           ?[90m# src/test/resources/features/Login/Login.feature:190?[0m

@Android @Login @Invalid
Scenario Outline: Login with invalid phone number and/or password           ?[90m# src/test/resources/features/Login/Login.feature:191?[0m

@Android @Login @Invalid
Scenario Outline: Login with invalid phone number and/or password           ?[90m# src/test/resources/features/Login/Login.feature:192?[0m

@Android @Login @Invalid
Scenario Outline: Login with invalid phone number and/or password           ?[90m# src/test/resources/features/Login/Login.feature:193?[0m

@Android @Login @Invalid
Scenario Outline: Login with invalid phone number and/or password           ?[90m# src/test/resources/features/Login/Login.feature:194?[0m

@Android @Login @Invalid
Scenario Outline: Login with invalid phone number and/or password           ?[90m# src/test/resources/features/Login/Login.feature:195?[0m

@Android @Login @Invalid
Scenario Outline: Login with invalid phone number and/or password           ?[90m# src/test/resources/features/Login/Login.feature:196?[0m

@Android @Login @Invalid
Scenario Outline: Login with invalid phone number and/or password           ?[90m# src/test/resources/features/Login/Login.feature:197?[0m

@Android @Login @Invalid
Scenario Outline: Login with invalid phone number and/or password           ?[90m# src/test/resources/features/Login/Login.feature:198?[0m

@Android @Login @Invalid
Scenario Outline: Login with invalid phone number and/or password           ?[90m# src/test/resources/features/Login/Login.feature:199?[0m

@Android @Login @Invalid
Scenario Outline: Login with invalid phone number and/or password           ?[90m# src/test/resources/features/Login/Login.feature:200?[0m
]]></system-out>
  <system-err><![CDATA[May 16, 2020 10:03:25 PM io.appium.java_client.remote.AppiumCommandExecutor$1 lambda$0
INFO: Detected dialect: W3C
May 16, 2020 10:03:38 PM io.appium.java_client.remote.AppiumCommandExecutor$1 lambda$0
INFO: Detected dialect: W3C
May 16, 2020 10:03:52 PM io.appium.java_client.remote.AppiumCommandExecutor$1 lambda$0
INFO: Detected dialect: W3C
May 16, 2020 10:04:05 PM io.appium.java_client.remote.AppiumCommandExecutor$1 lambda$0
INFO: Detected dialect: W3C
May 16, 2020 10:04:19 PM io.appium.java_client.remote.AppiumCommandExecutor$1 lambda$0
INFO: Detected dialect: W3C
May 16, 2020 10:04:53 PM io.appium.java_client.remote.AppiumCommandExecutor$1 lambda$0
INFO: Detected dialect: W3C
May 16, 2020 10:05:10 PM io.appium.java_client.remote.AppiumCommandExecutor$1 lambda$0
INFO: Detected dialect: W3C
May 16, 2020 10:05:43 PM io.appium.java_client.remote.AppiumCommandExecutor$1 lambda$0
INFO: Detected dialect: W3C
May 16, 2020 10:06:18 PM io.appium.java_client.remote.AppiumCommandExecutor$1 lambda$0
INFO: Detected dialect: W3C
May 16, 2020 10:06:48 PM io.appium.java_client.remote.AppiumCommandExecutor$1 lambda$0
INFO: Detected dialect: W3C
May 16, 2020 10:07:20 PM io.appium.java_client.remote.AppiumCommandExecutor$1 lambda$0
INFO: Detected dialect: W3C
May 16, 2020 10:07:36 PM io.appium.java_client.remote.AppiumCommandExecutor$1 lambda$0
INFO: Detected dialect: W3C
May 16, 2020 10:07:55 PM io.appium.java_client.remote.AppiumCommandExecutor$1 lambda$0
INFO: Detected dialect: W3C
May 16, 2020 10:08:15 PM io.appium.java_client.remote.AppiumCommandExecutor$1 lambda$0
INFO: Detected dialect: W3C
May 16, 2020 10:08:50 PM io.appium.java_client.remote.AppiumCommandExecutor$1 lambda$0
INFO: Detected dialect: W3C
May 16, 2020 10:09:11 PM io.appium.java_client.remote.AppiumCommandExecutor$1 lambda$0
INFO: Detected dialect: W3C
May 16, 2020 10:09:43 PM io.appium.java_client.remote.AppiumCommandExecutor$1 lambda$0
INFO: Detected dialect: W3C
May 16, 2020 10:10:14 PM io.appium.java_client.remote.AppiumCommandExecutor$1 lambda$0
INFO: Detected dialect: W3C
May 16, 2020 10:10:37 PM io.appium.java_client.remote.AppiumCommandExecutor$1 lambda$0
INFO: Detected dialect: W3C
May 16, 2020 10:11:01 PM io.appium.java_client.remote.AppiumCommandExecutor$1 lambda$0
INFO: Detected dialect: W3C
May 16, 2020 10:11:34 PM io.appium.java_client.remote.AppiumCommandExecutor$1 lambda$0
INFO: Detected dialect: W3C
May 16, 2020 10:12:01 PM io.appium.java_client.remote.AppiumCommandExecutor$1 lambda$0
INFO: Detected dialect: W3C
May 16, 2020 10:12:28 PM io.appium.java_client.remote.AppiumCommandExecutor$1 lambda$0
INFO: Detected dialect: W3C
May 16, 2020 10:12:58 PM io.appium.java_client.remote.AppiumCommandExecutor$1 lambda$0
INFO: Detected dialect: W3C
May 16, 2020 10:13:21 PM io.appium.java_client.remote.AppiumCommandExecutor$1 lambda$0
INFO: Detected dialect: W3C
May 16, 2020 10:13:45 PM io.appium.java_client.remote.AppiumCommandExecutor$1 lambda$0
INFO: Detected dialect: W3C
May 16, 2020 10:14:07 PM io.appium.java_client.remote.AppiumCommandExecutor$1 lambda$0
INFO: Detected dialect: W3C
May 16, 2020 10:14:22 PM io.appium.java_client.remote.AppiumCommandExecutor$1 lambda$0
INFO: Detected dialect: W3C
May 16, 2020 10:14:37 PM io.appium.java_client.remote.AppiumCommandExecutor$1 lambda$0
INFO: Detected dialect: W3C
May 16, 2020 10:15:02 PM io.appium.java_client.remote.AppiumCommandExecutor$1 lambda$0
INFO: Detected dialect: W3C
May 16, 2020 10:15:28 PM io.appium.java_client.remote.AppiumCommandExecutor$1 lambda$0
INFO: Detected dialect: W3C
May 16, 2020 10:16:01 PM io.appium.java_client.remote.AppiumCommandExecutor$1 lambda$0
INFO: Detected dialect: W3C
May 16, 2020 10:16:18 PM io.appium.java_client.remote.AppiumCommandExecutor$1 lambda$0
INFO: Detected dialect: W3C
May 16, 2020 10:16:41 PM io.appium.java_client.remote.AppiumCommandExecutor$1 lambda$0
INFO: Detected dialect: W3C
May 16, 2020 10:17:01 PM io.appium.java_client.remote.AppiumCommandExecutor$1 lambda$0
INFO: Detected dialect: W3C
May 16, 2020 10:17:19 PM io.appium.java_client.remote.AppiumCommandExecutor$1 lambda$0
INFO: Detected dialect: W3C
May 16, 2020 10:17:37 PM io.appium.java_client.remote.AppiumCommandExecutor$1 lambda$0
INFO: Detected dialect: W3C
May 16, 2020 10:17:58 PM io.appium.java_client.remote.AppiumCommandExecutor$1 lambda$0
INFO: Detected dialect: W3C
May 16, 2020 10:18:20 PM io.appium.java_client.remote.AppiumCommandExecutor$1 lambda$0
INFO: Detected dialect: W3C
May 16, 2020 10:18:47 PM io.appium.java_client.remote.AppiumCommandExecutor$1 lambda$0
INFO: Detected dialect: W3C
May 16, 2020 10:19:12 PM io.appium.java_client.remote.AppiumCommandExecutor$1 lambda$0
INFO: Detected dialect: W3C
May 16, 2020 10:19:39 PM io.appium.java_client.remote.AppiumCommandExecutor$1 lambda$0
INFO: Detected dialect: W3C
May 16, 2020 10:19:54 PM io.appium.java_client.remote.AppiumCommandExecutor$1 lambda$0
INFO: Detected dialect: W3C
May 16, 2020 10:20:15 PM io.appium.java_client.remote.AppiumCommandExecutor$1 lambda$0
INFO: Detected dialect: W3C
May 16, 2020 10:20:47 PM io.appium.java_client.remote.AppiumCommandExecutor$1 lambda$0
INFO: Detected dialect: W3C
May 16, 2020 10:21:20 PM io.appium.java_client.remote.AppiumCommandExecutor$1 lambda$0
INFO: Detected dialect: W3C
May 16, 2020 10:21:44 PM io.appium.java_client.remote.AppiumCommandExecutor$1 lambda$0
INFO: Detected dialect: W3C
May 16, 2020 10:22:17 PM io.appium.java_client.remote.AppiumCommandExecutor$1 lambda$0
INFO: Detected dialect: W3C
May 16, 2020 10:22:45 PM io.appium.java_client.remote.AppiumCommandExecutor$1 lambda$0
INFO: Detected dialect: W3C
May 16, 2020 10:23:04 PM io.appium.java_client.remote.AppiumCommandExecutor$1 lambda$0
INFO: Detected dialect: W3C
May 16, 2020 10:23:28 PM io.appium.java_client.remote.AppiumCommandExecutor$1 lambda$0
INFO: Detected dialect: W3C
May 16, 2020 10:23:45 PM io.appium.java_client.remote.AppiumCommandExecutor$1 lambda$0
INFO: Detected dialect: W3C
May 16, 2020 10:24:03 PM io.appium.java_client.remote.AppiumCommandExecutor$1 lambda$0
INFO: Detected dialect: W3C
May 16, 2020 10:24:21 PM io.appium.java_client.remote.AppiumCommandExecutor$1 lambda$0
INFO: Detected dialect: W3C
May 16, 2020 10:24:49 PM io.appium.java_client.remote.AppiumCommandExecutor$1 lambda$0
INFO: Detected dialect: W3C
May 16, 2020 10:25:12 PM io.appium.java_client.remote.AppiumCommandExecutor$1 lambda$0
INFO: Detected dialect: W3C
May 16, 2020 10:25:45 PM io.appium.java_client.remote.AppiumCommandExecutor$1 lambda$0
INFO: Detected dialect: W3C
May 16, 2020 10:26:18 PM io.appium.java_client.remote.AppiumCommandExecutor$1 lambda$0
INFO: Detected dialect: W3C
May 16, 2020 10:26:38 PM io.appium.java_client.remote.AppiumCommandExecutor$1 lambda$0
INFO: Detected dialect: W3C
May 16, 2020 10:27:01 PM io.appium.java_client.remote.AppiumCommandExecutor$1 lambda$0
INFO: Detected dialect: W3C
May 16, 2020 10:27:29 PM io.appium.java_client.remote.AppiumCommandExecutor$1 lambda$0
INFO: Detected dialect: W3C
May 16, 2020 10:27:53 PM io.appium.java_client.remote.AppiumCommandExecutor$1 lambda$0
INFO: Detected dialect: W3C
May 16, 2020 10:28:14 PM io.appium.java_client.remote.AppiumCommandExecutor$1 lambda$0
INFO: Detected dialect: W3C
May 16, 2020 10:28:46 PM io.appium.java_client.remote.AppiumCommandExecutor$1 lambda$0
INFO: Detected dialect: W3C
May 16, 2020 10:29:19 PM io.appium.java_client.remote.AppiumCommandExecutor$1 lambda$0
INFO: Detected dialect: W3C
May 16, 2020 10:29:52 PM io.appium.java_client.remote.AppiumCommandExecutor$1 lambda$0
INFO: Detected dialect: W3C
May 16, 2020 10:30:21 PM io.appium.java_client.remote.AppiumCommandExecutor$1 lambda$0
INFO: Detected dialect: W3C
May 16, 2020 10:30:46 PM io.appium.java_client.remote.AppiumCommandExecutor$1 lambda$0
INFO: Detected dialect: W3C
May 16, 2020 10:31:19 PM io.appium.java_client.remote.AppiumCommandExecutor$1 lambda$0
INFO: Detected dialect: W3C
May 16, 2020 10:31:47 PM io.appium.java_client.remote.AppiumCommandExecutor$1 lambda$0
INFO: Detected dialect: W3C
May 16, 2020 10:32:09 PM io.appium.java_client.remote.AppiumCommandExecutor$1 lambda$0
INFO: Detected dialect: W3C
May 16, 2020 10:32:33 PM io.appium.java_client.remote.AppiumCommandExecutor$1 lambda$0
INFO: Detected dialect: W3C
May 16, 2020 10:33:01 PM io.appium.java_client.remote.AppiumCommandExecutor$1 lambda$0
INFO: Detected dialect: W3C
May 16, 2020 10:33:25 PM io.appium.java_client.remote.AppiumCommandExecutor$1 lambda$0
INFO: Detected dialect: W3C
May 16, 2020 10:33:55 PM io.appium.java_client.remote.AppiumCommandExecutor$1 lambda$0
INFO: Detected dialect: W3C
May 16, 2020 10:34:19 PM io.appium.java_client.remote.AppiumCommandExecutor$1 lambda$0
INFO: Detected dialect: W3C
May 16, 2020 10:34:50 PM io.appium.java_client.remote.AppiumCommandExecutor$1 lambda$0
INFO: Detected dialect: W3C
May 16, 2020 10:35:20 PM io.appium.java_client.remote.AppiumCommandExecutor$1 lambda$0
INFO: Detected dialect: W3C
May 16, 2020 10:35:46 PM io.appium.java_client.remote.AppiumCommandExecutor$1 lambda$0
INFO: Detected dialect: W3C
May 16, 2020 10:36:05 PM io.appium.java_client.remote.AppiumCommandExecutor$1 lambda$0
INFO: Detected dialect: W3C
May 16, 2020 10:36:26 PM io.appium.java_client.remote.AppiumCommandExecutor$1 lambda$0
INFO: Detected dialect: W3C
May 16, 2020 10:36:43 PM io.appium.java_client.remote.AppiumCommandExecutor$1 lambda$0
INFO: Detected dialect: W3C
May 16, 2020 10:37:09 PM io.appium.java_client.remote.AppiumCommandExecutor$1 lambda$0
INFO: Detected dialect: W3C
May 16, 2020 10:37:35 PM io.appium.java_client.remote.AppiumCommandExecutor$1 lambda$0
INFO: Detected dialect: W3C
May 16, 2020 10:38:01 PM io.appium.java_client.remote.AppiumCommandExecutor$1 lambda$0
INFO: Detected dialect: W3C
May 16, 2020 10:38:25 PM io.appium.java_client.remote.AppiumCommandExecutor$1 lambda$0
INFO: Detected dialect: W3C
May 16, 2020 10:38:59 PM io.appium.java_client.remote.AppiumCommandExecutor$1 lambda$0
INFO: Detected dialect: W3C
May 16, 2020 10:39:28 PM io.appium.java_client.remote.AppiumCommandExecutor$1 lambda$0
INFO: Detected dialect: W3C
May 16, 2020 10:39:47 PM io.appium.java_client.remote.AppiumCommandExecutor$1 lambda$0
INFO: Detected dialect: W3C
May 16, 2020 10:40:12 PM io.appium.java_client.remote.AppiumCommandExecutor$1 lambda$0
INFO: Detected dialect: W3C
May 16, 2020 10:40:37 PM io.appium.java_client.remote.AppiumCommandExecutor$1 lambda$0
INFO: Detected dialect: W3C
May 16, 2020 10:40:57 PM io.appium.java_client.remote.AppiumCommandExecutor$1 lambda$0
INFO: Detected dialect: W3C
May 16, 2020 10:41:14 PM io.appium.java_client.remote.AppiumCommandExecutor$1 lambda$0
INFO: Detected dialect: W3C
May 16, 2020 10:41:47 PM io.appium.java_client.remote.AppiumCommandExecutor$1 lambda$0
INFO: Detected dialect: W3C
May 16, 2020 10:42:22 PM io.appium.java_client.remote.AppiumCommandExecutor$1 lambda$0
INFO: Detected dialect: W3C
May 16, 2020 10:42:38 PM io.appium.java_client.remote.AppiumCommandExecutor$1 lambda$0
INFO: Detected dialect: W3C
May 16, 2020 10:42:56 PM io.appium.java_client.remote.AppiumCommandExecutor$1 lambda$0
INFO: Detected dialect: W3C
May 16, 2020 10:43:14 PM io.appium.java_client.remote.AppiumCommandExecutor$1 lambda$0
INFO: Detected dialect: W3C
May 16, 2020 10:43:36 PM io.appium.java_client.remote.AppiumCommandExecutor$1 lambda$0
INFO: Detected dialect: W3C
May 16, 2020 10:43:53 PM io.appium.java_client.remote.AppiumCommandExecutor$1 lambda$0
INFO: Detected dialect: W3C
May 16, 2020 10:44:21 PM io.appium.java_client.remote.AppiumCommandExecutor$1 lambda$0
INFO: Detected dialect: W3C
May 16, 2020 10:44:39 PM io.appium.java_client.remote.AppiumCommandExecutor$1 lambda$0
INFO: Detected dialect: W3C
May 16, 2020 10:44:57 PM io.appium.java_client.remote.AppiumCommandExecutor$1 lambda$0
INFO: Detected dialect: W3C
May 16, 2020 10:45:12 PM io.appium.java_client.remote.AppiumCommandExecutor$1 lambda$0
INFO: Detected dialect: W3C
May 16, 2020 10:45:39 PM io.appium.java_client.remote.AppiumCommandExecutor$1 lambda$0
INFO: Detected dialect: W3C
May 16, 2020 10:45:54 PM io.appium.java_client.remote.AppiumCommandExecutor$1 lambda$0
INFO: Detected dialect: W3C
May 16, 2020 10:46:20 PM io.appium.java_client.remote.AppiumCommandExecutor$1 lambda$0
INFO: Detected dialect: W3C
May 16, 2020 10:46:38 PM io.appium.java_client.remote.AppiumCommandExecutor$1 lambda$0
INFO: Detected dialect: W3C
May 16, 2020 10:47:01 PM io.appium.java_client.remote.AppiumCommandExecutor$1 lambda$0
INFO: Detected dialect: W3C
May 16, 2020 10:47:23 PM io.appium.java_client.remote.AppiumCommandExecutor$1 lambda$0
INFO: Detected dialect: W3C
May 16, 2020 10:47:52 PM io.appium.java_client.remote.AppiumCommandExecutor$1 lambda$0
INFO: Detected dialect: W3C
May 16, 2020 10:48:17 PM io.appium.java_client.remote.AppiumCommandExecutor$1 lambda$0
INFO: Detected dialect: W3C
May 16, 2020 10:48:43 PM io.appium.java_client.remote.AppiumCommandExecutor$1 lambda$0
INFO: Detected dialect: W3C
May 16, 2020 10:49:01 PM io.appium.java_client.remote.AppiumCommandExecutor$1 lambda$0
INFO: Detected dialect: W3C
May 16, 2020 10:49:23 PM io.appium.java_client.remote.AppiumCommandExecutor$1 lambda$0
INFO: Detected dialect: W3C
May 16, 2020 10:49:43 PM io.appium.java_client.remote.AppiumCommandExecutor$1 lambda$0
INFO: Detected dialect: W3C
May 16, 2020 10:50:00 PM io.appium.java_client.remote.AppiumCommandExecutor$1 lambda$0
INFO: Detected dialect: W3C
May 16, 2020 10:50:18 PM io.appium.java_client.remote.AppiumCommandExecutor$1 lambda$0
INFO: Detected dialect: W3C
May 16, 2020 10:50:38 PM io.appium.java_client.remote.AppiumCommandExecutor$1 lambda$0
INFO: Detected dialect: W3C
May 16, 2020 10:50:57 PM io.appium.java_client.remote.AppiumCommandExecutor$1 lambda$0
INFO: Detected dialect: W3C
May 16, 2020 10:51:16 PM io.appium.java_client.remote.AppiumCommandExecutor$1 lambda$0
INFO: Detected dialect: W3C
May 16, 2020 10:51:40 PM io.appium.java_client.remote.AppiumCommandExecutor$1 lambda$0
INFO: Detected dialect: W3C
May 16, 2020 10:52:14 PM io.appium.java_client.remote.AppiumCommandExecutor$1 lambda$0
INFO: Detected dialect: W3C
May 16, 2020 10:52:34 PM io.appium.java_client.remote.AppiumCommandExecutor$1 lambda$0
INFO: Detected dialect: W3C
May 16, 2020 10:53:01 PM io.appium.java_client.remote.AppiumCommandExecutor$1 lambda$0
INFO: Detected dialect: W3C
May 16, 2020 10:53:28 PM io.appium.java_client.remote.AppiumCommandExecutor$1 lambda$0
INFO: Detected dialect: W3C
May 16, 2020 10:54:01 PM io.appium.java_client.remote.AppiumCommandExecutor$1 lambda$0
INFO: Detected dialect: W3C
May 16, 2020 10:54:28 PM io.appium.java_client.remote.AppiumCommandExecutor$1 lambda$0
INFO: Detected dialect: W3C
May 16, 2020 10:55:00 PM io.appium.java_client.remote.AppiumCommandExecutor$1 lambda$0
INFO: Detected dialect: W3C
May 16, 2020 10:55:33 PM io.appium.java_client.remote.AppiumCommandExecutor$1 lambda$0
INFO: Detected dialect: W3C
May 16, 2020 10:56:01 PM io.appium.java_client.remote.AppiumCommandExecutor$1 lambda$0
INFO: Detected dialect: W3C
May 16, 2020 10:56:28 PM io.appium.java_client.remote.AppiumCommandExecutor$1 lambda$0
INFO: Detected dialect: W3C
May 16, 2020 10:56:58 PM io.appium.java_client.remote.AppiumCommandExecutor$1 lambda$0
INFO: Detected dialect: W3C
May 16, 2020 10:57:14 PM io.appium.java_client.remote.AppiumCommandExecutor$1 lambda$0
INFO: Detected dialect: W3C
May 16, 2020 10:57:39 PM io.appium.java_client.remote.AppiumCommandExecutor$1 lambda$0
INFO: Detected dialect: W3C
May 16, 2020 10:58:06 PM io.appium.java_client.remote.AppiumCommandExecutor$1 lambda$0
INFO: Detected dialect: W3C
May 16, 2020 10:58:40 PM io.appium.java_client.remote.AppiumCommandExecutor$1 lambda$0
INFO: Detected dialect: W3C
May 16, 2020 10:59:01 PM io.appium.java_client.remote.AppiumCommandExecutor$1 lambda$0
INFO: Detected dialect: W3C
May 16, 2020 10:59:28 PM io.appium.java_client.remote.AppiumCommandExecutor$1 lambda$0
INFO: Detected dialect: W3C
May 16, 2020 10:59:48 PM io.appium.java_client.remote.AppiumCommandExecutor$1 lambda$0
INFO: Detected dialect: W3C
May 16, 2020 11:00:03 PM io.appium.java_client.remote.AppiumCommandExecutor$1 lambda$0
INFO: Detected dialect: W3C
May 16, 2020 11:00:30 PM io.appium.java_client.remote.AppiumCommandExecutor$1 lambda$0
INFO: Detected dialect: W3C
May 16, 2020 11:01:00 PM io.appium.java_client.remote.AppiumCommandExecutor$1 lambda$0
INFO: Detected dialect: W3C
May 16, 2020 11:01:27 PM io.appium.java_client.remote.AppiumCommandExecutor$1 lambda$0
INFO: Detected dialect: W3C
May 16, 2020 11:01:57 PM io.appium.java_client.remote.AppiumCommandExecutor$1 lambda$0
INFO: Detected dialect: W3C
May 16, 2020 11:02:23 PM io.appium.java_client.remote.AppiumCommandExecutor$1 lambda$0
INFO: Detected dialect: W3C
May 16, 2020 11:02:41 PM io.appium.java_client.remote.AppiumCommandExecutor$1 lambda$0
INFO: Detected dialect: W3C
May 16, 2020 11:02:58 PM io.appium.java_client.remote.AppiumCommandExecutor$1 lambda$0
INFO: Detected dialect: W3C
May 16, 2020 11:03:16 PM io.appium.java_client.remote.AppiumCommandExecutor$1 lambda$0
INFO: Detected dialect: W3C
May 16, 2020 11:03:34 PM io.appium.java_client.remote.AppiumCommandExecutor$1 lambda$0
INFO: Detected dialect: W3C
May 16, 2020 11:03:58 PM io.appium.java_client.remote.AppiumCommandExecutor$1 lambda$0
INFO: Detected dialect: W3C
May 16, 2020 11:04:22 PM io.appium.java_client.remote.AppiumCommandExecutor$1 lambda$0
INFO: Detected dialect: W3C
May 16, 2020 11:04:41 PM io.appium.java_client.remote.AppiumCommandExecutor$1 lambda$0
INFO: Detected dialect: W3C
May 16, 2020 11:05:00 PM io.appium.java_client.remote.AppiumCommandExecutor$1 lambda$0
INFO: Detected dialect: W3C
May 16, 2020 11:05:25 PM io.appium.java_client.remote.AppiumCommandExecutor$1 lambda$0
INFO: Detected dialect: W3C
May 16, 2020 11:05:51 PM io.appium.java_client.remote.AppiumCommandExecutor$1 lambda$0
INFO: Detected dialect: W3C
May 16, 2020 11:06:13 PM io.appium.java_client.remote.AppiumCommandExecutor$1 lambda$0
INFO: Detected dialect: W3C
May 16, 2020 11:06:38 PM io.appium.java_client.remote.AppiumCommandExecutor$1 lambda$0
INFO: Detected dialect: W3C
May 16, 2020 11:06:57 PM io.appium.java_client.remote.AppiumCommandExecutor$1 lambda$0
INFO: Detected dialect: W3C
May 16, 2020 11:07:24 PM io.appium.java_client.remote.AppiumCommandExecutor$1 lambda$0
INFO: Detected dialect: W3C
May 16, 2020 11:07:57 PM io.appium.java_client.remote.AppiumCommandExecutor$1 lambda$0
INFO: Detected dialect: W3C
May 16, 2020 11:08:20 PM io.appium.java_client.remote.AppiumCommandExecutor$1 lambda$0
INFO: Detected dialect: W3C
May 16, 2020 11:08:47 PM io.appium.java_client.remote.AppiumCommandExecutor$1 lambda$0
INFO: Detected dialect: W3C
May 16, 2020 11:09:20 PM io.appium.java_client.remote.AppiumCommandExecutor$1 lambda$0
INFO: Detected dialect: W3C
May 16, 2020 11:09:45 PM io.appium.java_client.remote.AppiumCommandExecutor$1 lambda$0
INFO: Detected dialect: W3C
May 16, 2020 11:10:01 PM io.appium.java_client.remote.AppiumCommandExecutor$1 lambda$0
INFO: Detected dialect: W3C
May 16, 2020 11:10:28 PM io.appium.java_client.remote.AppiumCommandExecutor$1 lambda$0
INFO: Detected dialect: W3C
May 16, 2020 11:10:53 PM io.appium.java_client.remote.AppiumCommandExecutor$1 lambda$0
INFO: Detected dialect: W3C
May 16, 2020 11:11:18 PM io.appium.java_client.remote.AppiumCommandExecutor$1 lambda$0
INFO: Detected dialect: W3C
]]></system-err>
</testsuite>
